TN:
SF:/Users/osarrouy/Documents/devs/dapps/@pando/packages/core/contracts/Tree.sol
FN:36,initialize
FN:40,isBranch
FN:44,setHead
FN:63,getHead
FN:76,newBranch
FN:89,getBranchesName
FNF:6
FNH:6
FNDA:1,initialize
FNDA:10,isBranch
FNDA:2,setHead
FNDA:3,getHead
FNDA:3,newBranch
FNDA:1,getBranchesName
DA:37,1
DA:41,10
DA:45,2
DA:46,2
DA:48,1
DA:49,1
DA:51,1
DA:64,3
DA:65,3
DA:67,2
DA:68,2
DA:69,2
DA:71,0
DA:77,3
DA:78,3
DA:80,2
DA:81,2
DA:82,2
DA:84,2
DA:86,2
DA:91,1
DA:93,1
DA:95,1
DA:96,2
DA:97,2
DA:111,1
LF:26
LH:25
BRDA:46,1,0,1
BRDA:46,1,1,1
BRDA:65,2,0,2
BRDA:65,2,1,1
BRDA:68,3,0,2
BRDA:68,3,1,0
BRDA:78,4,0,2
BRDA:78,4,1,1
BRF:8
BRH:7
end_of_record
