{"contracts/Tree.sol":{"l":{"37":1,"41":10,"45":2,"46":2,"48":1,"49":1,"51":1,"64":3,"65":3,"67":2,"68":2,"69":2,"71":0,"77":3,"78":3,"80":2,"81":2,"82":2,"84":2,"86":2,"91":1,"93":1,"95":1,"96":2,"97":2,"111":1},"path":"/Users/osarrouy/Documents/devs/dapps/@pando/packages/core/contracts/Tree.sol","s":{"1":1,"2":10,"3":2,"4":2,"5":1,"6":1,"7":3,"8":3,"9":2,"10":2,"11":2,"12":0,"13":3,"14":3,"15":2,"16":2,"17":2,"18":2,"19":2,"20":1,"21":1,"22":2,"23":2,"24":1},"b":{"1":[1,1],"2":[2,1],"3":[2,0],"4":[2,1]},"f":{"1":1,"2":10,"3":2,"4":3,"5":3,"6":1},"fnMap":{"1":{"name":"initialize","line":36,"loc":{"start":{"line":36,"column":2},"end":{"line":36,"column":32}}},"2":{"name":"isBranch","line":40,"loc":{"start":{"line":40,"column":2},"end":{"line":40,"column":70}}},"3":{"name":"setHead","line":44,"loc":{"start":{"line":44,"column":2},"end":{"line":44,"column":66}}},"4":{"name":"getHead","line":63,"loc":{"start":{"line":63,"column":2},"end":{"line":63,"column":71}}},"5":{"name":"newBranch","line":76,"loc":{"start":{"line":76,"column":2},"end":{"line":76,"column":76}}},"6":{"name":"getBranchesName","line":89,"loc":{"start":{"line":89,"column":2},"end":{"line":89,"column":67}}}},"statementMap":{"1":{"start":{"line":37,"column":6},"end":{"line":37,"column":18}},"2":{"start":{"line":41,"column":4},"end":{"line":41,"column":38}},"3":{"start":{"line":45,"column":4},"end":{"line":45,"column":54}},"4":{"start":{"line":46,"column":4},"end":{"line":46,"column":26}},"5":{"start":{"line":48,"column":4},"end":{"line":48,"column":41}},"6":{"start":{"line":51,"column":4},"end":{"line":51,"column":42}},"7":{"start":{"line":64,"column":4},"end":{"line":64,"column":58}},"8":{"start":{"line":65,"column":4},"end":{"line":65,"column":26}},"9":{"start":{"line":67,"column":4},"end":{"line":67,"column":41}},"10":{"start":{"line":68,"column":4},"end":{"line":68,"column":1752}},"11":{"start":{"line":69,"column":6},"end":{"line":69,"column":86}},"12":{"start":{"line":71,"column":6},"end":{"line":71,"column":24}},"13":{"start":{"line":77,"column":4},"end":{"line":77,"column":52}},"14":{"start":{"line":78,"column":4},"end":{"line":78,"column":27}},"15":{"start":{"line":80,"column":4},"end":{"line":80,"column":36}},"16":{"start":{"line":81,"column":4},"end":{"line":81,"column":34}},"17":{"start":{"line":82,"column":4},"end":{"line":82,"column":49}},"18":{"start":{"line":84,"column":4},"end":{"line":84,"column":29}},"19":{"start":{"line":86,"column":4},"end":{"line":86,"column":19}},"20":{"start":{"line":91,"column":4},"end":{"line":91,"column":32}},"21":{"start":{"line":95,"column":4},"end":{"line":95,"column":2504}},"22":{"start":{"line":96,"column":6},"end":{"line":96,"column":71}},"23":{"start":{"line":97,"column":6},"end":{"line":97,"column":64}},"24":{"start":{"line":111,"column":4},"end":{"line":111,"column":20}}},"branchMap":{"1":{"line":46,"type":"if","locations":[{"start":{"line":46,"column":4},"end":{"line":46,"column":4}},{"start":{"line":46,"column":4},"end":{"line":46,"column":4}}]},"2":{"line":65,"type":"if","locations":[{"start":{"line":65,"column":4},"end":{"line":65,"column":4}},{"start":{"line":65,"column":4},"end":{"line":65,"column":4}}]},"3":{"line":68,"type":"if","locations":[{"start":{"line":68,"column":4},"end":{"line":68,"column":4}},{"start":{"line":68,"column":4},"end":{"line":68,"column":4}}]},"4":{"line":78,"type":"if","locations":[{"start":{"line":78,"column":4},"end":{"line":78,"column":4}},{"start":{"line":78,"column":4},"end":{"line":78,"column":4}}]}}}}