{"/Users/cory.dickson/GitHub/pando/packages/pando-lib/src/scripts.ts": {"path":"/Users/cory.dickson/GitHub/pando/packages/pando-lib/src/scripts.ts","statementMap":{"0":{"start":{"line":1,"column":0},"end":{"line":1,"column":22}},"1":{"start":{"line":2,"column":0},"end":{"line":2,"column":34}},"2":{"start":{"line":3,"column":0},"end":{"line":3,"column":29}},"3":{"start":{"line":4,"column":0},"end":{"line":4,"column":21}},"4":{"start":{"line":5,"column":0},"end":{"line":5,"column":51}},"5":{"start":{"line":6,"column":0},"end":{"line":6,"column":35}},"6":{"start":{"line":7,"column":0},"end":{"line":7,"column":37}},"7":{"start":{"line":9,"column":13},"end":{"line":9,"column":78}},"8":{"start":{"line":10,"column":13},"end":{"line":10,"column":71}},"9":{"start":{"line":39,"column":13},"end":{"line":67,"column":1}},"10":{"start":{"line":40,"column":2},"end":{"line":66,"column":4}},"11":{"start":{"line":41,"column":16},"end":{"line":41,"column":18}},"12":{"start":{"line":42,"column":16},"end":{"line":42,"column":29}},"13":{"start":{"line":44,"column":4},"end":{"line":65,"column":6}},"14":{"start":{"line":45,"column":6},"end":{"line":64,"column":7}},"15":{"start":{"line":46,"column":8},"end":{"line":46,"column":19}},"16":{"start":{"line":48,"column":21},"end":{"line":48,"column":33}},"17":{"start":{"line":49,"column":8},"end":{"line":62,"column":9}},"18":{"start":{"line":50,"column":24},"end":{"line":50,"column":57}},"19":{"start":{"line":51,"column":10},"end":{"line":61,"column":11}},"20":{"start":{"line":52,"column":27},"end":{"line":52,"column":84}},"21":{"start":{"line":53,"column":12},"end":{"line":53,"column":43}},"22":{"start":{"line":55,"column":12},"end":{"line":58,"column":13}},"23":{"start":{"line":59,"column":12},"end":{"line":59,"column":48}},"24":{"start":{"line":60,"column":12},"end":{"line":60,"column":87}},"25":{"start":{"line":63,"column":8},"end":{"line":63,"column":39}},"26":{"start":{"line":69,"column":13},"end":{"line":84,"column":1}},"27":{"start":{"line":70,"column":2},"end":{"line":83,"column":4}},"28":{"start":{"line":71,"column":4},"end":{"line":82,"column":5}},"29":{"start":{"line":72,"column":21},"end":{"line":72,"column":44}},"30":{"start":{"line":73,"column":6},"end":{"line":73,"column":26}},"31":{"start":{"line":75,"column":6},"end":{"line":77,"column":7}},"32":{"start":{"line":76,"column":8},"end":{"line":76,"column":58}},"33":{"start":{"line":79,"column":6},"end":{"line":79,"column":22}},"34":{"start":{"line":81,"column":6},"end":{"line":81,"column":17}},"35":{"start":{"line":86,"column":13},"end":{"line":105,"column":1}},"36":{"start":{"line":87,"column":2},"end":{"line":104,"column":4}},"37":{"start":{"line":88,"column":4},"end":{"line":103,"column":5}},"38":{"start":{"line":89,"column":26},"end":{"line":89,"column":39}},"39":{"start":{"line":90,"column":6},"end":{"line":100,"column":8}},"40":{"start":{"line":91,"column":8},"end":{"line":99,"column":9}},"41":{"start":{"line":92,"column":10},"end":{"line":92,"column":21}},"42":{"start":{"line":94,"column":29},"end":{"line":94,"column":62}},"43":{"start":{"line":95,"column":23},"end":{"line":95,"column":45}},"44":{"start":{"line":96,"column":10},"end":{"line":96,"column":26}},"45":{"start":{"line":97,"column":10},"end":{"line":97,"column":42}},"46":{"start":{"line":98,"column":10},"end":{"line":98,"column":25}},"47":{"start":{"line":102,"column":6},"end":{"line":102,"column":17}},"48":{"start":{"line":107,"column":13},"end":{"line":127,"column":1}},"49":{"start":{"line":108,"column":16},"end":{"line":108,"column":55}},"50":{"start":{"line":109,"column":2},"end":{"line":111,"column":4}},"51":{"start":{"line":110,"column":4},"end":{"line":110,"column":30}},"52":{"start":{"line":113,"column":2},"end":{"line":124,"column":3}},"53":{"start":{"line":119,"column":36},"end":{"line":119,"column":65}},"54":{"start":{"line":120,"column":8},"end":{"line":120,"column":24}},"55":{"start":{"line":126,"column":2},"end":{"line":126,"column":16}},"56":{"start":{"line":139,"column":4},"end":{"line":150,"column":5}},"57":{"start":{"line":140,"column":19},"end":{"line":140,"column":44}},"58":{"start":{"line":141,"column":43},"end":{"line":142,"column":98}},"59":{"start":{"line":142,"column":38},"end":{"line":142,"column":91}},"60":{"start":{"line":143,"column":8},"end":{"line":143,"column":23}},"61":{"start":{"line":144,"column":8},"end":{"line":144,"column":61}},"62":{"start":{"line":145,"column":8},"end":{"line":145,"column":35}},"63":{"start":{"line":146,"column":8},"end":{"line":146,"column":41}},"64":{"start":{"line":147,"column":8},"end":{"line":147,"column":37}},"65":{"start":{"line":148,"column":8},"end":{"line":148,"column":31}},"66":{"start":{"line":149,"column":8},"end":{"line":149,"column":31}},"67":{"start":{"line":154,"column":4},"end":{"line":162,"column":6}},"68":{"start":{"line":155,"column":6},"end":{"line":161,"column":7}},"69":{"start":{"line":156,"column":22},"end":{"line":156,"column":62}},"70":{"start":{"line":157,"column":8},"end":{"line":157,"column":25}},"71":{"start":{"line":158,"column":8},"end":{"line":158,"column":17}},"72":{"start":{"line":160,"column":8},"end":{"line":160,"column":23}},"73":{"start":{"line":167,"column":4},"end":{"line":174,"column":6}},"74":{"start":{"line":168,"column":6},"end":{"line":173,"column":7}},"75":{"start":{"line":169,"column":31},"end":{"line":169,"column":70}},"76":{"start":{"line":170,"column":8},"end":{"line":170,"column":31}},"77":{"start":{"line":172,"column":8},"end":{"line":172,"column":19}},"78":{"start":{"line":129,"column":0},"end":{"line":176,"column":1}}},"fnMap":{"0":{"name":"(anonymous_1)","decl":{"start":{"line":39,"column":34},"end":{"line":39,"column":35}},"loc":{"start":{"line":39,"column":66},"end":{"line":67,"column":1}}},"1":{"name":"(anonymous_2)","decl":{"start":{"line":40,"column":21},"end":{"line":40,"column":25}},"loc":{"start":{"line":40,"column":47},"end":{"line":66,"column":3}}},"2":{"name":"(anonymous_3)","decl":{"start":{"line":44,"column":18},"end":{"line":44,"column":22}},"loc":{"start":{"line":44,"column":40},"end":{"line":65,"column":5}}},"3":{"name":"(anonymous_4)","decl":{"start":{"line":69,"column":28},"end":{"line":69,"column":32}},"loc":{"start":{"line":69,"column":88},"end":{"line":84,"column":1}}},"4":{"name":"(anonymous_5)","decl":{"start":{"line":70,"column":21},"end":{"line":70,"column":25}},"loc":{"start":{"line":70,"column":47},"end":{"line":83,"column":3}}},"5":{"name":"(anonymous_6)","decl":{"start":{"line":86,"column":27},"end":{"line":86,"column":31}},"loc":{"start":{"line":86,"column":67},"end":{"line":105,"column":1}}},"6":{"name":"(anonymous_7)","decl":{"start":{"line":87,"column":21},"end":{"line":87,"column":22}},"loc":{"start":{"line":87,"column":41},"end":{"line":104,"column":3}}},"7":{"name":"(anonymous_8)","decl":{"start":{"line":90,"column":20},"end":{"line":90,"column":24}},"loc":{"start":{"line":90,"column":42},"end":{"line":100,"column":7}}},"8":{"name":"(anonymous_9)","decl":{"start":{"line":107,"column":35},"end":{"line":107,"column":39}},"loc":{"start":{"line":107,"column":83},"end":{"line":127,"column":1}}},"9":{"name":"(anonymous_10)","decl":{"start":{"line":109,"column":30},"end":{"line":109,"column":31}},"loc":{"start":{"line":109,"column":43},"end":{"line":111,"column":3}}},"10":{"name":"(anonymous_11)","decl":{"start":{"line":116,"column":6},"end":{"line":116,"column":11}},"loc":{"start":{"line":116,"column":15},"end":{"line":121,"column":7}}},"11":{"name":"(anonymous_12)","decl":{"start":{"line":138,"column":2},"end":{"line":138,"column":13}},"loc":{"start":{"line":138,"column":39},"end":{"line":151,"column":3}}},"12":{"name":"(anonymous_13)","decl":{"start":{"line":142,"column":27},"end":{"line":142,"column":32}},"loc":{"start":{"line":142,"column":38},"end":{"line":142,"column":91}}},"13":{"name":"(anonymous_14)","decl":{"start":{"line":153,"column":9},"end":{"line":153,"column":13}},"loc":{"start":{"line":153,"column":32},"end":{"line":164,"column":3}}},"14":{"name":"(anonymous_15)","decl":{"start":{"line":154,"column":23},"end":{"line":154,"column":27}},"loc":{"start":{"line":154,"column":49},"end":{"line":162,"column":5}}},"15":{"name":"(anonymous_16)","decl":{"start":{"line":166,"column":9},"end":{"line":166,"column":13}},"loc":{"start":{"line":166,"column":31},"end":{"line":175,"column":3}}},"16":{"name":"(anonymous_17)","decl":{"start":{"line":167,"column":23},"end":{"line":167,"column":27}},"loc":{"start":{"line":167,"column":49},"end":{"line":174,"column":5}}}},"branchMap":{"0":{"loc":{"start":{"line":45,"column":6},"end":{"line":64,"column":7}},"type":"if","locations":[{"start":{"line":45,"column":6},"end":{"line":64,"column":7}},{"start":{"line":45,"column":6},"end":{"line":64,"column":7}}]},"1":{"loc":{"start":{"line":50,"column":31},"end":{"line":50,"column":49}},"type":"cond-expr","locations":[{"start":{"line":50,"column":31},"end":{"line":50,"column":49}},{"start":{"line":50,"column":52},"end":{"line":50,"column":57}}]},"2":{"loc":{"start":{"line":51,"column":10},"end":{"line":61,"column":11}},"type":"if","locations":[{"start":{"line":51,"column":10},"end":{"line":61,"column":11}},{"start":{"line":51,"column":10},"end":{"line":61,"column":11}}]},"3":{"loc":{"start":{"line":91,"column":8},"end":{"line":99,"column":9}},"type":"if","locations":[{"start":{"line":91,"column":8},"end":{"line":99,"column":9}},{"start":{"line":91,"column":8},"end":{"line":99,"column":9}}]},"4":{"loc":{"start":{"line":139,"column":4},"end":{"line":150,"column":5}},"type":"if","locations":[{"start":{"line":139,"column":4},"end":{"line":150,"column":5}},{"start":{"line":139,"column":4},"end":{"line":150,"column":5}}]},"5":{"loc":{"start":{"line":142,"column":8},"end":{"line":142,"column":93}},"type":"cond-expr","locations":[{"start":{"line":142,"column":8},"end":{"line":142,"column":93}},{"start":{"line":142,"column":96},"end":{"line":142,"column":98}}]}},"s":{"0":1,"1":1,"2":1,"3":1,"4":1,"5":1,"6":1,"7":1,"8":1,"9":1,"10":0,"11":0,"12":0,"13":0,"14":0,"15":0,"16":0,"17":0,"18":0,"19":0,"20":0,"21":0,"22":0,"23":0,"24":0,"25":0,"26":1,"27":0,"28":0,"29":0,"30":0,"31":0,"32":0,"33":0,"34":0,"35":1,"36":1,"37":1,"38":1,"39":0,"40":0,"41":0,"42":0,"43":0,"44":0,"45":0,"46":0,"47":1,"48":1,"49":0,"50":0,"51":0,"52":0,"53":0,"54":0,"55":0,"56":0,"57":0,"58":0,"59":0,"60":0,"61":0,"62":0,"63":0,"64":0,"65":0,"66":0,"67":0,"68":0,"69":0,"70":0,"71":0,"72":0,"73":0,"74":0,"75":0,"76":0,"77":0,"78":1},"f":{"0":0,"1":0,"2":0,"3":0,"4":0,"5":1,"6":1,"7":0,"8":0,"9":0,"10":0,"11":0,"12":0,"13":0,"14":0,"15":0,"16":0},"b":{"0":[0,0],"1":[0,0],"2":[0,0],"3":[0,0],"4":[0,0],"5":[0,0]}}
}
