TN:
SF:/Users/cory.dickson/GitHub/pando/packages/pando-lib/src/scripts.ts
FN:39,(anonymous_1)
FN:40,(anonymous_2)
FN:44,(anonymous_3)
FN:69,(anonymous_4)
FN:70,(anonymous_5)
FN:86,(anonymous_6)
FN:87,(anonymous_7)
FN:90,(anonymous_8)
FN:107,(anonymous_9)
FN:109,(anonymous_10)
FN:116,(anonymous_11)
FN:138,(anonymous_12)
FN:142,(anonymous_13)
FN:153,(anonymous_14)
FN:154,(anonymous_15)
FN:166,(anonymous_16)
FN:167,(anonymous_17)
FNF:17
FNH:2
FNDA:0,(anonymous_1)
FNDA:0,(anonymous_2)
FNDA:0,(anonymous_3)
FNDA:0,(anonymous_4)
FNDA:0,(anonymous_5)
FNDA:1,(anonymous_6)
FNDA:1,(anonymous_7)
FNDA:0,(anonymous_8)
FNDA:0,(anonymous_9)
FNDA:0,(anonymous_10)
FNDA:0,(anonymous_11)
FNDA:0,(anonymous_12)
FNDA:0,(anonymous_13)
FNDA:0,(anonymous_14)
FNDA:0,(anonymous_15)
FNDA:0,(anonymous_16)
FNDA:0,(anonymous_17)
DA:1,1
DA:2,1
DA:3,1
DA:4,1
DA:5,1
DA:6,1
DA:7,1
DA:9,1
DA:10,1
DA:39,1
DA:40,0
DA:41,0
DA:42,0
DA:44,0
DA:45,0
DA:46,0
DA:48,0
DA:49,0
DA:50,0
DA:51,0
DA:52,0
DA:53,0
DA:55,0
DA:59,0
DA:60,0
DA:63,0
DA:69,1
DA:70,0
DA:71,0
DA:72,0
DA:73,0
DA:75,0
DA:76,0
DA:79,0
DA:81,0
DA:86,1
DA:87,1
DA:88,1
DA:89,1
DA:90,0
DA:91,0
DA:92,0
DA:94,0
DA:95,0
DA:96,0
DA:97,0
DA:98,0
DA:102,1
DA:107,1
DA:108,0
DA:109,0
DA:110,0
DA:113,0
DA:119,0
DA:120,0
DA:126,0
DA:129,1
DA:139,0
DA:140,0
DA:141,0
DA:142,0
DA:143,0
DA:144,0
DA:145,0
DA:146,0
DA:147,0
DA:148,0
DA:149,0
DA:154,0
DA:155,0
DA:156,0
DA:157,0
DA:158,0
DA:160,0
DA:167,0
DA:168,0
DA:169,0
DA:170,0
DA:172,0
LF:79
LH:18
BRDA:45,0,0,0
BRDA:45,0,1,0
BRDA:50,1,0,0
BRDA:50,1,1,0
BRDA:51,2,0,0
BRDA:51,2,1,0
BRDA:91,3,0,0
BRDA:91,3,1,0
BRDA:139,4,0,0
BRDA:139,4,1,0
BRDA:142,5,0,0
BRDA:142,5,1,0
BRF:12
BRH:0
end_of_record
