{"/Users/osarrouy/Documents/devs/dapps/@wespr/pando/lib/main.js":{"path":"/Users/osarrouy/Documents/devs/dapps/@wespr/pando/lib/main.js","statementMap":{"0":{"start":{"line":3,"column":14},"end":{"line":3,"column":268}},"1":{"start":{"line":3,"column":101},"end":{"line":3,"column":119}},"2":{"start":{"line":3,"column":141},"end":{"line":3,"column":266}},"3":{"start":{"line":5,"column":0},"end":{"line":844,"column":3}},"4":{"start":{"line":6,"column":2},"end":{"line":6,"column":375}},"5":{"start":{"line":8,"column":2},"end":{"line":843,"column":6}},"6":{"start":{"line":9,"column":12},"end":{"line":9,"column":14}},"7":{"start":{"line":10,"column":6},"end":{"line":10,"column":36}},"8":{"start":{"line":10,"column":16},"end":{"line":10,"column":36}},"9":{"start":{"line":10,"column":44},"end":{"line":10,"column":79}},"10":{"start":{"line":10,"column":80},"end":{"line":10,"column":146}},"11":{"start":{"line":11,"column":5},"end":{"line":23,"column":38}},"12":{"start":{"line":12,"column":6},"end":{"line":12,"column":93}},"13":{"start":{"line":14,"column":6},"end":{"line":14,"column":60}},"14":{"start":{"line":16,"column":14},"end":{"line":20,"column":7}},"15":{"start":{"line":17,"column":8},"end":{"line":17,"column":25}},"16":{"start":{"line":19,"column":8},"end":{"line":19,"column":17}},"17":{"start":{"line":20,"column":8},"end":{"line":20,"column":33}},"18":{"start":{"line":22,"column":6},"end":{"line":22,"column":56}},"19":{"start":{"line":25,"column":4},"end":{"line":25,"column":30}},"20":{"start":{"line":28,"column":12},"end":{"line":32,"column":5}},"21":{"start":{"line":29,"column":6},"end":{"line":29,"column":38}},"22":{"start":{"line":29,"column":29},"end":{"line":29,"column":38}},"23":{"start":{"line":29,"column":46},"end":{"line":29,"column":48}},"24":{"start":{"line":29,"column":49},"end":{"line":31,"column":7}},"25":{"start":{"line":29,"column":64},"end":{"line":31,"column":7}},"26":{"start":{"line":30,"column":8},"end":{"line":30,"column":58}},"27":{"start":{"line":31,"column":7},"end":{"line":31,"column":31}},"28":{"start":{"line":33,"column":12},"end":{"line":35,"column":5}},"29":{"start":{"line":34,"column":6},"end":{"line":34,"column":52}},"30":{"start":{"line":35,"column":6},"end":{"line":35,"column":60}},"31":{"start":{"line":35,"column":68},"end":{"line":35,"column":76}},"32":{"start":{"line":36,"column":12},"end":{"line":36,"column":20}},"33":{"start":{"line":37,"column":12},"end":{"line":37,"column":20}},"34":{"start":{"line":38,"column":12},"end":{"line":38,"column":20}},"35":{"start":{"line":39,"column":12},"end":{"line":43,"column":7}},"36":{"start":{"line":41,"column":8},"end":{"line":41,"column":212}},"37":{"start":{"line":42,"column":7},"end":{"line":42,"column":46}},"38":{"start":{"line":43,"column":8},"end":{"line":43,"column":22}},"39":{"start":{"line":45,"column":4},"end":{"line":45,"column":36}},"40":{"start":{"line":48,"column":12},"end":{"line":52,"column":5}},"41":{"start":{"line":49,"column":6},"end":{"line":49,"column":38}},"42":{"start":{"line":49,"column":29},"end":{"line":49,"column":38}},"43":{"start":{"line":49,"column":46},"end":{"line":49,"column":48}},"44":{"start":{"line":49,"column":49},"end":{"line":51,"column":7}},"45":{"start":{"line":49,"column":64},"end":{"line":51,"column":7}},"46":{"start":{"line":50,"column":8},"end":{"line":50,"column":58}},"47":{"start":{"line":51,"column":7},"end":{"line":51,"column":31}},"48":{"start":{"line":52,"column":6},"end":{"line":52,"column":60}},"49":{"start":{"line":52,"column":68},"end":{"line":52,"column":75}},"50":{"start":{"line":52,"column":76},"end":{"line":56,"column":6}},"51":{"start":{"line":53,"column":6},"end":{"line":53,"column":28}},"52":{"start":{"line":55,"column":6},"end":{"line":55,"column":31}},"53":{"start":{"line":59,"column":12},"end":{"line":63,"column":5}},"54":{"start":{"line":60,"column":6},"end":{"line":60,"column":38}},"55":{"start":{"line":60,"column":29},"end":{"line":60,"column":38}},"56":{"start":{"line":60,"column":46},"end":{"line":60,"column":48}},"57":{"start":{"line":60,"column":49},"end":{"line":62,"column":7}},"58":{"start":{"line":60,"column":64},"end":{"line":62,"column":7}},"59":{"start":{"line":61,"column":8},"end":{"line":61,"column":58}},"60":{"start":{"line":62,"column":7},"end":{"line":62,"column":31}},"61":{"start":{"line":63,"column":6},"end":{"line":63,"column":60}},"62":{"start":{"line":63,"column":68},"end":{"line":63,"column":75}},"63":{"start":{"line":63,"column":76},"end":{"line":67,"column":6}},"64":{"start":{"line":64,"column":6},"end":{"line":64,"column":28}},"65":{"start":{"line":66,"column":6},"end":{"line":66,"column":29}},"66":{"start":{"line":70,"column":12},"end":{"line":74,"column":5}},"67":{"start":{"line":71,"column":6},"end":{"line":71,"column":38}},"68":{"start":{"line":71,"column":29},"end":{"line":71,"column":38}},"69":{"start":{"line":71,"column":46},"end":{"line":71,"column":48}},"70":{"start":{"line":71,"column":49},"end":{"line":73,"column":7}},"71":{"start":{"line":71,"column":64},"end":{"line":73,"column":7}},"72":{"start":{"line":72,"column":8},"end":{"line":72,"column":58}},"73":{"start":{"line":73,"column":7},"end":{"line":73,"column":31}},"74":{"start":{"line":74,"column":6},"end":{"line":74,"column":60}},"75":{"start":{"line":74,"column":68},"end":{"line":74,"column":75}},"76":{"start":{"line":74,"column":76},"end":{"line":74,"column":85}},"77":{"start":{"line":74,"column":93},"end":{"line":74,"column":100}},"78":{"start":{"line":74,"column":101},"end":{"line":74,"column":112}},"79":{"start":{"line":76,"column":4},"end":{"line":76,"column":32}},"80":{"start":{"line":78,"column":4},"end":{"line":78,"column":32}},"81":{"start":{"line":81,"column":12},"end":{"line":101,"column":5}},"82":{"start":{"line":82,"column":6},"end":{"line":100,"column":9}},"83":{"start":{"line":84,"column":10},"end":{"line":88,"column":11}},"84":{"start":{"line":85,"column":12},"end":{"line":85,"column":25}},"85":{"start":{"line":87,"column":12},"end":{"line":87,"column":17}},"86":{"start":{"line":90,"column":10},"end":{"line":94,"column":11}},"87":{"start":{"line":91,"column":12},"end":{"line":91,"column":26}},"88":{"start":{"line":93,"column":12},"end":{"line":93,"column":17}},"89":{"start":{"line":96,"column":10},"end":{"line":98,"column":24}},"90":{"start":{"line":97,"column":12},"end":{"line":97,"column":23}},"91":{"start":{"line":99,"column":9},"end":{"line":99,"column":45}},"92":{"start":{"line":102,"column":12},"end":{"line":139,"column":5}},"93":{"start":{"line":107,"column":14},"end":{"line":109,"column":30}},"94":{"start":{"line":108,"column":10},"end":{"line":108,"column":35}},"95":{"start":{"line":108,"column":24},"end":{"line":108,"column":35}},"96":{"start":{"line":108,"column":35},"end":{"line":108,"column":47}},"97":{"start":{"line":109,"column":31},"end":{"line":111,"column":12}},"98":{"start":{"line":110,"column":8},"end":{"line":110,"column":20}},"99":{"start":{"line":112,"column":8},"end":{"line":137,"column":10}},"100":{"start":{"line":113,"column":10},"end":{"line":136,"column":20}},"101":{"start":{"line":114,"column":12},"end":{"line":114,"column":74}},"102":{"start":{"line":114,"column":19},"end":{"line":114,"column":74}},"103":{"start":{"line":114,"column":74},"end":{"line":135,"column":13}},"104":{"start":{"line":115,"column":14},"end":{"line":134,"column":15}},"105":{"start":{"line":116,"column":16},"end":{"line":116,"column":128}},"106":{"start":{"line":116,"column":119},"end":{"line":116,"column":128}},"107":{"start":{"line":116,"column":128},"end":{"line":129,"column":65}},"108":{"start":{"line":117,"column":20},"end":{"line":117,"column":26}},"109":{"start":{"line":117,"column":26},"end":{"line":117,"column":32}},"110":{"start":{"line":118,"column":20},"end":{"line":118,"column":64}},"111":{"start":{"line":119,"column":20},"end":{"line":119,"column":49}},"112":{"start":{"line":119,"column":49},"end":{"line":119,"column":58}},"113":{"start":{"line":120,"column":20},"end":{"line":120,"column":50}},"114":{"start":{"line":120,"column":50},"end":{"line":120,"column":59}},"115":{"start":{"line":121,"column":20},"end":{"line":123,"column":21}},"116":{"start":{"line":122,"column":22},"end":{"line":122,"column":28}},"117":{"start":{"line":122,"column":28},"end":{"line":122,"column":37}},"118":{"start":{"line":123,"column":21},"end":{"line":125,"column":21}},"119":{"start":{"line":124,"column":22},"end":{"line":124,"column":37}},"120":{"start":{"line":124,"column":37},"end":{"line":124,"column":43}},"121":{"start":{"line":125,"column":21},"end":{"line":127,"column":21}},"122":{"start":{"line":126,"column":22},"end":{"line":126,"column":44}},"123":{"start":{"line":126,"column":44},"end":{"line":126,"column":50}},"124":{"start":{"line":127,"column":21},"end":{"line":129,"column":21}},"125":{"start":{"line":128,"column":22},"end":{"line":128,"column":52}},"126":{"start":{"line":128,"column":52},"end":{"line":128,"column":58}},"127":{"start":{"line":129,"column":21},"end":{"line":129,"column":55}},"128":{"start":{"line":129,"column":55},"end":{"line":129,"column":64}},"129":{"start":{"line":129,"column":65},"end":{"line":129,"column":82}},"130":{"start":{"line":131,"column":16},"end":{"line":131,"column":34}},"131":{"start":{"line":133,"column":16},"end":{"line":133,"column":26}},"132":{"start":{"line":135,"column":13},"end":{"line":135,"column":38}},"133":{"start":{"line":135,"column":27},"end":{"line":135,"column":38}},"134":{"start":{"line":135,"column":38},"end":{"line":135,"column":87}},"135":{"start":{"line":140,"column":12},"end":{"line":142,"column":5}},"136":{"start":{"line":141,"column":6},"end":{"line":141,"column":52}},"137":{"start":{"line":142,"column":6},"end":{"line":142,"column":60}},"138":{"start":{"line":142,"column":68},"end":{"line":142,"column":75}},"139":{"start":{"line":143,"column":12},"end":{"line":143,"column":19}},"140":{"start":{"line":144,"column":12},"end":{"line":185,"column":7}},"141":{"start":{"line":146,"column":8},"end":{"line":146,"column":66}},"142":{"start":{"line":147,"column":7},"end":{"line":184,"column":11}},"143":{"start":{"line":148,"column":8},"end":{"line":169,"column":11}},"144":{"start":{"line":149,"column":18},"end":{"line":149,"column":22}},"145":{"start":{"line":149,"column":23},"end":{"line":168,"column":13}},"146":{"start":{"line":150,"column":12},"end":{"line":167,"column":16}},"147":{"start":{"line":151,"column":14},"end":{"line":166,"column":17}},"148":{"start":{"line":153,"column":24},"end":{"line":153,"column":28}},"149":{"start":{"line":153,"column":29},"end":{"line":165,"column":19}},"150":{"start":{"line":154,"column":18},"end":{"line":164,"column":31}},"151":{"start":{"line":155,"column":22},"end":{"line":155,"column":52}},"152":{"start":{"line":156,"column":22},"end":{"line":164,"column":30}},"153":{"start":{"line":157,"column":24},"end":{"line":163,"column":27}},"154":{"start":{"line":158,"column":26},"end":{"line":162,"column":29}},"155":{"start":{"line":159,"column":28},"end":{"line":161,"column":71}},"156":{"start":{"line":160,"column":32},"end":{"line":160,"column":61}},"157":{"start":{"line":161,"column":32},"end":{"line":161,"column":70}},"158":{"start":{"line":171,"column":8},"end":{"line":183,"column":11}},"159":{"start":{"line":172,"column":18},"end":{"line":172,"column":22}},"160":{"start":{"line":172,"column":23},"end":{"line":182,"column":13}},"161":{"start":{"line":173,"column":12},"end":{"line":181,"column":16}},"162":{"start":{"line":174,"column":14},"end":{"line":180,"column":17}},"163":{"start":{"line":175,"column":16},"end":{"line":179,"column":19}},"164":{"start":{"line":176,"column":18},"end":{"line":178,"column":26}},"165":{"start":{"line":177,"column":20},"end":{"line":177,"column":94}},"166":{"start":{"line":185,"column":8},"end":{"line":185,"column":22}},"167":{"start":{"line":187,"column":4},"end":{"line":187,"column":34}},"168":{"start":{"line":189,"column":4},"end":{"line":189,"column":37}},"169":{"start":{"line":191,"column":4},"end":{"line":191,"column":32}},"170":{"start":{"line":193,"column":4},"end":{"line":193,"column":32}},"171":{"start":{"line":196,"column":12},"end":{"line":202,"column":5}},"172":{"start":{"line":197,"column":6},"end":{"line":201,"column":7}},"173":{"start":{"line":198,"column":8},"end":{"line":200,"column":9}},"174":{"start":{"line":199,"column":10},"end":{"line":199,"column":70}},"175":{"start":{"line":201,"column":7},"end":{"line":201,"column":16}},"176":{"start":{"line":203,"column":12},"end":{"line":223,"column":5}},"177":{"start":{"line":204,"column":6},"end":{"line":222,"column":9}},"178":{"start":{"line":206,"column":10},"end":{"line":210,"column":11}},"179":{"start":{"line":207,"column":12},"end":{"line":207,"column":25}},"180":{"start":{"line":209,"column":12},"end":{"line":209,"column":17}},"181":{"start":{"line":212,"column":10},"end":{"line":216,"column":11}},"182":{"start":{"line":213,"column":12},"end":{"line":213,"column":26}},"183":{"start":{"line":215,"column":12},"end":{"line":215,"column":17}},"184":{"start":{"line":218,"column":10},"end":{"line":220,"column":24}},"185":{"start":{"line":219,"column":12},"end":{"line":219,"column":23}},"186":{"start":{"line":221,"column":9},"end":{"line":221,"column":45}},"187":{"start":{"line":224,"column":12},"end":{"line":261,"column":5}},"188":{"start":{"line":229,"column":14},"end":{"line":231,"column":30}},"189":{"start":{"line":230,"column":10},"end":{"line":230,"column":35}},"190":{"start":{"line":230,"column":24},"end":{"line":230,"column":35}},"191":{"start":{"line":230,"column":35},"end":{"line":230,"column":47}},"192":{"start":{"line":231,"column":31},"end":{"line":233,"column":12}},"193":{"start":{"line":232,"column":8},"end":{"line":232,"column":20}},"194":{"start":{"line":234,"column":8},"end":{"line":259,"column":10}},"195":{"start":{"line":235,"column":10},"end":{"line":258,"column":20}},"196":{"start":{"line":236,"column":12},"end":{"line":236,"column":74}},"197":{"start":{"line":236,"column":19},"end":{"line":236,"column":74}},"198":{"start":{"line":236,"column":74},"end":{"line":257,"column":13}},"199":{"start":{"line":237,"column":14},"end":{"line":256,"column":15}},"200":{"start":{"line":238,"column":16},"end":{"line":238,"column":128}},"201":{"start":{"line":238,"column":119},"end":{"line":238,"column":128}},"202":{"start":{"line":238,"column":128},"end":{"line":251,"column":65}},"203":{"start":{"line":239,"column":20},"end":{"line":239,"column":26}},"204":{"start":{"line":239,"column":26},"end":{"line":239,"column":32}},"205":{"start":{"line":240,"column":20},"end":{"line":240,"column":64}},"206":{"start":{"line":241,"column":20},"end":{"line":241,"column":49}},"207":{"start":{"line":241,"column":49},"end":{"line":241,"column":58}},"208":{"start":{"line":242,"column":20},"end":{"line":242,"column":50}},"209":{"start":{"line":242,"column":50},"end":{"line":242,"column":59}},"210":{"start":{"line":243,"column":20},"end":{"line":245,"column":21}},"211":{"start":{"line":244,"column":22},"end":{"line":244,"column":28}},"212":{"start":{"line":244,"column":28},"end":{"line":244,"column":37}},"213":{"start":{"line":245,"column":21},"end":{"line":247,"column":21}},"214":{"start":{"line":246,"column":22},"end":{"line":246,"column":37}},"215":{"start":{"line":246,"column":37},"end":{"line":246,"column":43}},"216":{"start":{"line":247,"column":21},"end":{"line":249,"column":21}},"217":{"start":{"line":248,"column":22},"end":{"line":248,"column":44}},"218":{"start":{"line":248,"column":44},"end":{"line":248,"column":50}},"219":{"start":{"line":249,"column":21},"end":{"line":251,"column":21}},"220":{"start":{"line":250,"column":22},"end":{"line":250,"column":52}},"221":{"start":{"line":250,"column":52},"end":{"line":250,"column":58}},"222":{"start":{"line":251,"column":21},"end":{"line":251,"column":55}},"223":{"start":{"line":251,"column":55},"end":{"line":251,"column":64}},"224":{"start":{"line":251,"column":65},"end":{"line":251,"column":82}},"225":{"start":{"line":253,"column":16},"end":{"line":253,"column":34}},"226":{"start":{"line":255,"column":16},"end":{"line":255,"column":26}},"227":{"start":{"line":257,"column":13},"end":{"line":257,"column":38}},"228":{"start":{"line":257,"column":27},"end":{"line":257,"column":38}},"229":{"start":{"line":257,"column":38},"end":{"line":257,"column":87}},"230":{"start":{"line":262,"column":12},"end":{"line":264,"column":5}},"231":{"start":{"line":263,"column":6},"end":{"line":263,"column":52}},"232":{"start":{"line":265,"column":12},"end":{"line":269,"column":5}},"233":{"start":{"line":266,"column":6},"end":{"line":266,"column":38}},"234":{"start":{"line":266,"column":29},"end":{"line":266,"column":38}},"235":{"start":{"line":266,"column":46},"end":{"line":266,"column":48}},"236":{"start":{"line":266,"column":49},"end":{"line":268,"column":7}},"237":{"start":{"line":266,"column":64},"end":{"line":268,"column":7}},"238":{"start":{"line":267,"column":8},"end":{"line":267,"column":58}},"239":{"start":{"line":268,"column":7},"end":{"line":268,"column":31}},"240":{"start":{"line":269,"column":6},"end":{"line":269,"column":60}},"241":{"start":{"line":269,"column":68},"end":{"line":269,"column":76}},"242":{"start":{"line":270,"column":12},"end":{"line":270,"column":19}},"243":{"start":{"line":271,"column":12},"end":{"line":271,"column":20}},"244":{"start":{"line":272,"column":12},"end":{"line":272,"column":20}},"245":{"start":{"line":273,"column":12},"end":{"line":273,"column":19}},"246":{"start":{"line":274,"column":12},"end":{"line":274,"column":19}},"247":{"start":{"line":275,"column":12},"end":{"line":275,"column":19}},"248":{"start":{"line":276,"column":12},"end":{"line":455,"column":7}},"249":{"start":{"line":278,"column":8},"end":{"line":280,"column":9}},"250":{"start":{"line":279,"column":10},"end":{"line":279,"column":56}},"251":{"start":{"line":281,"column":7},"end":{"line":454,"column":218}},"252":{"start":{"line":282,"column":8},"end":{"line":282,"column":88}},"253":{"start":{"line":284,"column":8},"end":{"line":284,"column":34}},"254":{"start":{"line":286,"column":8},"end":{"line":322,"column":11}},"255":{"start":{"line":287,"column":18},"end":{"line":287,"column":22}},"256":{"start":{"line":287,"column":23},"end":{"line":321,"column":13}},"257":{"start":{"line":288,"column":12},"end":{"line":320,"column":16}},"258":{"start":{"line":289,"column":14},"end":{"line":319,"column":17}},"259":{"start":{"line":292,"column":24},"end":{"line":292,"column":28}},"260":{"start":{"line":292,"column":29},"end":{"line":318,"column":19}},"261":{"start":{"line":293,"column":18},"end":{"line":317,"column":34}},"262":{"start":{"line":294,"column":22},"end":{"line":294,"column":66}},"263":{"start":{"line":295,"column":22},"end":{"line":295,"column":167}},"264":{"start":{"line":295,"column":81},"end":{"line":295,"column":167}},"265":{"start":{"line":295,"column":167},"end":{"line":295,"column":208}},"266":{"start":{"line":296,"column":22},"end":{"line":296,"column":71}},"267":{"start":{"line":297,"column":22},"end":{"line":297,"column":72}},"268":{"start":{"line":298,"column":22},"end":{"line":298,"column":77}},"269":{"start":{"line":299,"column":22},"end":{"line":299,"column":79}},"270":{"start":{"line":300,"column":22},"end":{"line":300,"column":87}},"271":{"start":{"line":301,"column":22},"end":{"line":315,"column":33}},"272":{"start":{"line":302,"column":24},"end":{"line":308,"column":27}},"273":{"start":{"line":303,"column":26},"end":{"line":307,"column":29}},"274":{"start":{"line":304,"column":28},"end":{"line":306,"column":59}},"275":{"start":{"line":305,"column":32},"end":{"line":305,"column":105}},"276":{"start":{"line":306,"column":32},"end":{"line":306,"column":58}},"277":{"start":{"line":310,"column":24},"end":{"line":314,"column":27}},"278":{"start":{"line":311,"column":26},"end":{"line":313,"column":29}},"279":{"start":{"line":312,"column":28},"end":{"line":312,"column":45}},"280":{"start":{"line":316,"column":22},"end":{"line":316,"column":56}},"281":{"start":{"line":317,"column":22},"end":{"line":317,"column":33}},"282":{"start":{"line":324,"column":8},"end":{"line":350,"column":11}},"283":{"start":{"line":325,"column":18},"end":{"line":325,"column":22}},"284":{"start":{"line":325,"column":23},"end":{"line":349,"column":13}},"285":{"start":{"line":326,"column":12},"end":{"line":348,"column":16}},"286":{"start":{"line":327,"column":14},"end":{"line":347,"column":17}},"287":{"start":{"line":328,"column":24},"end":{"line":328,"column":28}},"288":{"start":{"line":328,"column":29},"end":{"line":346,"column":19}},"289":{"start":{"line":329,"column":18},"end":{"line":345,"column":19}},"290":{"start":{"line":330,"column":20},"end":{"line":342,"column":23}},"291":{"start":{"line":331,"column":22},"end":{"line":335,"column":25}},"292":{"start":{"line":332,"column":24},"end":{"line":334,"column":27}},"293":{"start":{"line":333,"column":26},"end":{"line":333,"column":86}},"294":{"start":{"line":337,"column":22},"end":{"line":341,"column":25}},"295":{"start":{"line":338,"column":24},"end":{"line":340,"column":27}},"296":{"start":{"line":339,"column":26},"end":{"line":339,"column":42}},"297":{"start":{"line":344,"column":20},"end":{"line":344,"column":25}},"298":{"start":{"line":345,"column":19},"end":{"line":345,"column":30}},"299":{"start":{"line":352,"column":8},"end":{"line":376,"column":11}},"300":{"start":{"line":353,"column":64},"end":{"line":375,"column":13}},"301":{"start":{"line":354,"column":12},"end":{"line":374,"column":44}},"302":{"start":{"line":355,"column":16},"end":{"line":359,"column":17}},"303":{"start":{"line":356,"column":18},"end":{"line":356,"column":54}},"304":{"start":{"line":358,"column":18},"end":{"line":358,"column":100}},"305":{"start":{"line":359,"column":17},"end":{"line":361,"column":17}},"306":{"start":{"line":360,"column":18},"end":{"line":360,"column":28}},"307":{"start":{"line":361,"column":17},"end":{"line":361,"column":36}},"308":{"start":{"line":362,"column":16},"end":{"line":362,"column":236}},"309":{"start":{"line":363,"column":16},"end":{"line":363,"column":99}},"310":{"start":{"line":364,"column":16},"end":{"line":364,"column":30}},"311":{"start":{"line":365,"column":16},"end":{"line":365,"column":111}},"312":{"start":{"line":366,"column":16},"end":{"line":366,"column":41}},"313":{"start":{"line":367,"column":16},"end":{"line":367,"column":35}},"314":{"start":{"line":368,"column":16},"end":{"line":370,"column":17}},"315":{"start":{"line":369,"column":18},"end":{"line":369,"column":28}},"316":{"start":{"line":370,"column":17},"end":{"line":370,"column":36}},"317":{"start":{"line":371,"column":16},"end":{"line":371,"column":164}},"318":{"start":{"line":372,"column":16},"end":{"line":372,"column":126}},"319":{"start":{"line":373,"column":16},"end":{"line":373,"column":35}},"320":{"start":{"line":374,"column":16},"end":{"line":374,"column":43}},"321":{"start":{"line":378,"column":8},"end":{"line":389,"column":11}},"322":{"start":{"line":379,"column":40},"end":{"line":388,"column":13}},"323":{"start":{"line":380,"column":12},"end":{"line":387,"column":44}},"324":{"start":{"line":381,"column":16},"end":{"line":383,"column":91}},"325":{"start":{"line":382,"column":18},"end":{"line":382,"column":54}},"326":{"start":{"line":384,"column":16},"end":{"line":384,"column":237}},"327":{"start":{"line":385,"column":16},"end":{"line":385,"column":115}},"328":{"start":{"line":386,"column":16},"end":{"line":386,"column":35}},"329":{"start":{"line":387,"column":16},"end":{"line":387,"column":43}},"330":{"start":{"line":391,"column":8},"end":{"line":401,"column":11}},"331":{"start":{"line":392,"column":31},"end":{"line":400,"column":13}},"332":{"start":{"line":393,"column":12},"end":{"line":399,"column":44}},"333":{"start":{"line":394,"column":16},"end":{"line":394,"column":47}},"334":{"start":{"line":395,"column":16},"end":{"line":395,"column":68}},"335":{"start":{"line":396,"column":16},"end":{"line":396,"column":142}},"336":{"start":{"line":397,"column":16},"end":{"line":397,"column":66}},"337":{"start":{"line":398,"column":16},"end":{"line":398,"column":35}},"338":{"start":{"line":399,"column":16},"end":{"line":399,"column":43}},"339":{"start":{"line":403,"column":8},"end":{"line":411,"column":11}},"340":{"start":{"line":404,"column":25},"end":{"line":410,"column":13}},"341":{"start":{"line":405,"column":12},"end":{"line":409,"column":38}},"342":{"start":{"line":406,"column":16},"end":{"line":408,"column":17}},"343":{"start":{"line":407,"column":18},"end":{"line":407,"column":99}},"344":{"start":{"line":408,"column":17},"end":{"line":408,"column":64}},"345":{"start":{"line":409,"column":16},"end":{"line":409,"column":37}},"346":{"start":{"line":413,"column":8},"end":{"line":432,"column":11}},"347":{"start":{"line":414,"column":55},"end":{"line":431,"column":13}},"348":{"start":{"line":415,"column":12},"end":{"line":430,"column":28}},"349":{"start":{"line":416,"column":16},"end":{"line":416,"column":74}},"350":{"start":{"line":417,"column":16},"end":{"line":417,"column":216}},"351":{"start":{"line":418,"column":16},"end":{"line":418,"column":186}},"352":{"start":{"line":419,"column":16},"end":{"line":419,"column":59}},"353":{"start":{"line":420,"column":16},"end":{"line":420,"column":150}},"354":{"start":{"line":421,"column":16},"end":{"line":421,"column":69}},"355":{"start":{"line":422,"column":16},"end":{"line":422,"column":35}},"356":{"start":{"line":423,"column":16},"end":{"line":423,"column":63}},"357":{"start":{"line":424,"column":16},"end":{"line":424,"column":56}},"358":{"start":{"line":425,"column":16},"end":{"line":425,"column":168}},"359":{"start":{"line":426,"column":16},"end":{"line":426,"column":76}},"360":{"start":{"line":427,"column":16},"end":{"line":427,"column":35}},"361":{"start":{"line":428,"column":16},"end":{"line":428,"column":30}},"362":{"start":{"line":429,"column":16},"end":{"line":429,"column":35}},"363":{"start":{"line":430,"column":16},"end":{"line":430,"column":27}},"364":{"start":{"line":434,"column":8},"end":{"line":445,"column":9}},"365":{"start":{"line":444,"column":10},"end":{"line":444,"column":18}},"366":{"start":{"line":445,"column":9},"end":{"line":445,"column":18}},"367":{"start":{"line":447,"column":10},"end":{"line":447,"column":46}},"368":{"start":{"line":449,"column":10},"end":{"line":449,"column":43}},"369":{"start":{"line":451,"column":10},"end":{"line":451,"column":47}},"370":{"start":{"line":453,"column":10},"end":{"line":453,"column":44}},"371":{"start":{"line":455,"column":8},"end":{"line":455,"column":22}},"372":{"start":{"line":458,"column":12},"end":{"line":478,"column":5}},"373":{"start":{"line":459,"column":6},"end":{"line":477,"column":9}},"374":{"start":{"line":461,"column":10},"end":{"line":465,"column":11}},"375":{"start":{"line":462,"column":12},"end":{"line":462,"column":25}},"376":{"start":{"line":464,"column":12},"end":{"line":464,"column":17}},"377":{"start":{"line":467,"column":10},"end":{"line":471,"column":11}},"378":{"start":{"line":468,"column":12},"end":{"line":468,"column":26}},"379":{"start":{"line":470,"column":12},"end":{"line":470,"column":17}},"380":{"start":{"line":473,"column":10},"end":{"line":475,"column":24}},"381":{"start":{"line":474,"column":12},"end":{"line":474,"column":23}},"382":{"start":{"line":476,"column":9},"end":{"line":476,"column":45}},"383":{"start":{"line":479,"column":12},"end":{"line":516,"column":5}},"384":{"start":{"line":484,"column":14},"end":{"line":486,"column":30}},"385":{"start":{"line":485,"column":10},"end":{"line":485,"column":35}},"386":{"start":{"line":485,"column":24},"end":{"line":485,"column":35}},"387":{"start":{"line":485,"column":35},"end":{"line":485,"column":47}},"388":{"start":{"line":486,"column":31},"end":{"line":488,"column":12}},"389":{"start":{"line":487,"column":8},"end":{"line":487,"column":20}},"390":{"start":{"line":489,"column":8},"end":{"line":514,"column":10}},"391":{"start":{"line":490,"column":10},"end":{"line":513,"column":20}},"392":{"start":{"line":491,"column":12},"end":{"line":491,"column":74}},"393":{"start":{"line":491,"column":19},"end":{"line":491,"column":74}},"394":{"start":{"line":491,"column":74},"end":{"line":512,"column":13}},"395":{"start":{"line":492,"column":14},"end":{"line":511,"column":15}},"396":{"start":{"line":493,"column":16},"end":{"line":493,"column":128}},"397":{"start":{"line":493,"column":119},"end":{"line":493,"column":128}},"398":{"start":{"line":493,"column":128},"end":{"line":506,"column":65}},"399":{"start":{"line":494,"column":20},"end":{"line":494,"column":26}},"400":{"start":{"line":494,"column":26},"end":{"line":494,"column":32}},"401":{"start":{"line":495,"column":20},"end":{"line":495,"column":64}},"402":{"start":{"line":496,"column":20},"end":{"line":496,"column":49}},"403":{"start":{"line":496,"column":49},"end":{"line":496,"column":58}},"404":{"start":{"line":497,"column":20},"end":{"line":497,"column":50}},"405":{"start":{"line":497,"column":50},"end":{"line":497,"column":59}},"406":{"start":{"line":498,"column":20},"end":{"line":500,"column":21}},"407":{"start":{"line":499,"column":22},"end":{"line":499,"column":28}},"408":{"start":{"line":499,"column":28},"end":{"line":499,"column":37}},"409":{"start":{"line":500,"column":21},"end":{"line":502,"column":21}},"410":{"start":{"line":501,"column":22},"end":{"line":501,"column":37}},"411":{"start":{"line":501,"column":37},"end":{"line":501,"column":43}},"412":{"start":{"line":502,"column":21},"end":{"line":504,"column":21}},"413":{"start":{"line":503,"column":22},"end":{"line":503,"column":44}},"414":{"start":{"line":503,"column":44},"end":{"line":503,"column":50}},"415":{"start":{"line":504,"column":21},"end":{"line":506,"column":21}},"416":{"start":{"line":505,"column":22},"end":{"line":505,"column":52}},"417":{"start":{"line":505,"column":52},"end":{"line":505,"column":58}},"418":{"start":{"line":506,"column":21},"end":{"line":506,"column":55}},"419":{"start":{"line":506,"column":55},"end":{"line":506,"column":64}},"420":{"start":{"line":506,"column":65},"end":{"line":506,"column":82}},"421":{"start":{"line":508,"column":16},"end":{"line":508,"column":34}},"422":{"start":{"line":510,"column":16},"end":{"line":510,"column":26}},"423":{"start":{"line":512,"column":13},"end":{"line":512,"column":38}},"424":{"start":{"line":512,"column":27},"end":{"line":512,"column":38}},"425":{"start":{"line":512,"column":38},"end":{"line":512,"column":87}},"426":{"start":{"line":517,"column":12},"end":{"line":519,"column":5}},"427":{"start":{"line":518,"column":6},"end":{"line":518,"column":52}},"428":{"start":{"line":519,"column":6},"end":{"line":519,"column":60}},"429":{"start":{"line":519,"column":68},"end":{"line":519,"column":76}},"430":{"start":{"line":520,"column":12},"end":{"line":564,"column":7}},"431":{"start":{"line":522,"column":8},"end":{"line":522,"column":25}},"432":{"start":{"line":523,"column":7},"end":{"line":563,"column":11}},"433":{"start":{"line":524,"column":8},"end":{"line":540,"column":11}},"434":{"start":{"line":525,"column":18},"end":{"line":525,"column":22}},"435":{"start":{"line":525,"column":23},"end":{"line":539,"column":13}},"436":{"start":{"line":526,"column":12},"end":{"line":538,"column":16}},"437":{"start":{"line":527,"column":14},"end":{"line":537,"column":17}},"438":{"start":{"line":528,"column":25},"end":{"line":536,"column":19}},"439":{"start":{"line":529,"column":18},"end":{"line":535,"column":34}},"440":{"start":{"line":530,"column":22},"end":{"line":530,"column":138}},"441":{"start":{"line":531,"column":22},"end":{"line":531,"column":52}},"442":{"start":{"line":532,"column":22},"end":{"line":532,"column":77}},"443":{"start":{"line":533,"column":22},"end":{"line":533,"column":36}},"444":{"start":{"line":534,"column":22},"end":{"line":534,"column":56}},"445":{"start":{"line":535,"column":22},"end":{"line":535,"column":33}},"446":{"start":{"line":542,"column":8},"end":{"line":556,"column":11}},"447":{"start":{"line":543,"column":18},"end":{"line":543,"column":22}},"448":{"start":{"line":543,"column":23},"end":{"line":555,"column":13}},"449":{"start":{"line":544,"column":12},"end":{"line":554,"column":16}},"450":{"start":{"line":545,"column":14},"end":{"line":553,"column":17}},"451":{"start":{"line":546,"column":25},"end":{"line":552,"column":19}},"452":{"start":{"line":547,"column":18},"end":{"line":551,"column":34}},"453":{"start":{"line":548,"column":22},"end":{"line":548,"column":109}},"454":{"start":{"line":549,"column":22},"end":{"line":549,"column":52}},"455":{"start":{"line":550,"column":22},"end":{"line":550,"column":56}},"456":{"start":{"line":551,"column":22},"end":{"line":551,"column":33}},"457":{"start":{"line":558,"column":8},"end":{"line":562,"column":11}},"458":{"start":{"line":559,"column":10},"end":{"line":561,"column":13}},"459":{"start":{"line":560,"column":12},"end":{"line":560,"column":23}},"460":{"start":{"line":564,"column":8},"end":{"line":564,"column":22}},"461":{"start":{"line":567,"column":12},"end":{"line":587,"column":5}},"462":{"start":{"line":568,"column":6},"end":{"line":586,"column":9}},"463":{"start":{"line":570,"column":10},"end":{"line":574,"column":11}},"464":{"start":{"line":571,"column":12},"end":{"line":571,"column":25}},"465":{"start":{"line":573,"column":12},"end":{"line":573,"column":17}},"466":{"start":{"line":576,"column":10},"end":{"line":580,"column":11}},"467":{"start":{"line":577,"column":12},"end":{"line":577,"column":26}},"468":{"start":{"line":579,"column":12},"end":{"line":579,"column":17}},"469":{"start":{"line":582,"column":10},"end":{"line":584,"column":24}},"470":{"start":{"line":583,"column":12},"end":{"line":583,"column":23}},"471":{"start":{"line":585,"column":9},"end":{"line":585,"column":45}},"472":{"start":{"line":588,"column":12},"end":{"line":625,"column":5}},"473":{"start":{"line":593,"column":14},"end":{"line":595,"column":30}},"474":{"start":{"line":594,"column":10},"end":{"line":594,"column":35}},"475":{"start":{"line":594,"column":24},"end":{"line":594,"column":35}},"476":{"start":{"line":594,"column":35},"end":{"line":594,"column":47}},"477":{"start":{"line":595,"column":31},"end":{"line":597,"column":12}},"478":{"start":{"line":596,"column":8},"end":{"line":596,"column":20}},"479":{"start":{"line":598,"column":8},"end":{"line":623,"column":10}},"480":{"start":{"line":599,"column":10},"end":{"line":622,"column":20}},"481":{"start":{"line":600,"column":12},"end":{"line":600,"column":74}},"482":{"start":{"line":600,"column":19},"end":{"line":600,"column":74}},"483":{"start":{"line":600,"column":74},"end":{"line":621,"column":13}},"484":{"start":{"line":601,"column":14},"end":{"line":620,"column":15}},"485":{"start":{"line":602,"column":16},"end":{"line":602,"column":128}},"486":{"start":{"line":602,"column":119},"end":{"line":602,"column":128}},"487":{"start":{"line":602,"column":128},"end":{"line":615,"column":65}},"488":{"start":{"line":603,"column":20},"end":{"line":603,"column":26}},"489":{"start":{"line":603,"column":26},"end":{"line":603,"column":32}},"490":{"start":{"line":604,"column":20},"end":{"line":604,"column":64}},"491":{"start":{"line":605,"column":20},"end":{"line":605,"column":49}},"492":{"start":{"line":605,"column":49},"end":{"line":605,"column":58}},"493":{"start":{"line":606,"column":20},"end":{"line":606,"column":50}},"494":{"start":{"line":606,"column":50},"end":{"line":606,"column":59}},"495":{"start":{"line":607,"column":20},"end":{"line":609,"column":21}},"496":{"start":{"line":608,"column":22},"end":{"line":608,"column":28}},"497":{"start":{"line":608,"column":28},"end":{"line":608,"column":37}},"498":{"start":{"line":609,"column":21},"end":{"line":611,"column":21}},"499":{"start":{"line":610,"column":22},"end":{"line":610,"column":37}},"500":{"start":{"line":610,"column":37},"end":{"line":610,"column":43}},"501":{"start":{"line":611,"column":21},"end":{"line":613,"column":21}},"502":{"start":{"line":612,"column":22},"end":{"line":612,"column":44}},"503":{"start":{"line":612,"column":44},"end":{"line":612,"column":50}},"504":{"start":{"line":613,"column":21},"end":{"line":615,"column":21}},"505":{"start":{"line":614,"column":22},"end":{"line":614,"column":52}},"506":{"start":{"line":614,"column":52},"end":{"line":614,"column":58}},"507":{"start":{"line":615,"column":21},"end":{"line":615,"column":55}},"508":{"start":{"line":615,"column":55},"end":{"line":615,"column":64}},"509":{"start":{"line":615,"column":65},"end":{"line":615,"column":82}},"510":{"start":{"line":617,"column":16},"end":{"line":617,"column":34}},"511":{"start":{"line":619,"column":16},"end":{"line":619,"column":26}},"512":{"start":{"line":621,"column":13},"end":{"line":621,"column":38}},"513":{"start":{"line":621,"column":27},"end":{"line":621,"column":38}},"514":{"start":{"line":621,"column":38},"end":{"line":621,"column":87}},"515":{"start":{"line":626,"column":12},"end":{"line":628,"column":5}},"516":{"start":{"line":627,"column":6},"end":{"line":627,"column":52}},"517":{"start":{"line":628,"column":6},"end":{"line":628,"column":60}},"518":{"start":{"line":628,"column":68},"end":{"line":628,"column":75}},"519":{"start":{"line":629,"column":12},"end":{"line":694,"column":7}},"520":{"start":{"line":631,"column":8},"end":{"line":631,"column":56}},"521":{"start":{"line":632,"column":7},"end":{"line":693,"column":11}},"522":{"start":{"line":633,"column":16},"end":{"line":633,"column":20}},"523":{"start":{"line":633,"column":21},"end":{"line":651,"column":11}},"524":{"start":{"line":634,"column":10},"end":{"line":650,"column":13}},"525":{"start":{"line":635,"column":45},"end":{"line":649,"column":15}},"526":{"start":{"line":636,"column":14},"end":{"line":648,"column":30}},"527":{"start":{"line":637,"column":18},"end":{"line":637,"column":80}},"528":{"start":{"line":638,"column":18},"end":{"line":638,"column":66}},"529":{"start":{"line":639,"column":18},"end":{"line":639,"column":101}},"530":{"start":{"line":640,"column":18},"end":{"line":640,"column":76}},"531":{"start":{"line":641,"column":18},"end":{"line":643,"column":64}},"532":{"start":{"line":642,"column":20},"end":{"line":642,"column":51}},"533":{"start":{"line":644,"column":18},"end":{"line":644,"column":82}},"534":{"start":{"line":645,"column":18},"end":{"line":645,"column":53}},"535":{"start":{"line":646,"column":18},"end":{"line":646,"column":121}},"536":{"start":{"line":647,"column":18},"end":{"line":647,"column":52}},"537":{"start":{"line":648,"column":18},"end":{"line":648,"column":29}},"538":{"start":{"line":653,"column":16},"end":{"line":653,"column":20}},"539":{"start":{"line":653,"column":21},"end":{"line":664,"column":11}},"540":{"start":{"line":654,"column":10},"end":{"line":663,"column":13}},"541":{"start":{"line":655,"column":24},"end":{"line":662,"column":15}},"542":{"start":{"line":656,"column":14},"end":{"line":661,"column":30}},"543":{"start":{"line":657,"column":18},"end":{"line":657,"column":86}},"544":{"start":{"line":658,"column":18},"end":{"line":658,"column":176}},"545":{"start":{"line":659,"column":18},"end":{"line":659,"column":52}},"546":{"start":{"line":660,"column":18},"end":{"line":660,"column":52}},"547":{"start":{"line":661,"column":18},"end":{"line":661,"column":29}},"548":{"start":{"line":666,"column":16},"end":{"line":666,"column":20}},"549":{"start":{"line":666,"column":21},"end":{"line":679,"column":11}},"550":{"start":{"line":667,"column":10},"end":{"line":678,"column":13}},"551":{"start":{"line":668,"column":36},"end":{"line":677,"column":15}},"552":{"start":{"line":669,"column":14},"end":{"line":676,"column":30}},"553":{"start":{"line":670,"column":18},"end":{"line":670,"column":197}},"554":{"start":{"line":671,"column":18},"end":{"line":671,"column":80}},"555":{"start":{"line":672,"column":18},"end":{"line":672,"column":169}},"556":{"start":{"line":673,"column":18},"end":{"line":673,"column":93}},"557":{"start":{"line":674,"column":18},"end":{"line":674,"column":116}},"558":{"start":{"line":675,"column":18},"end":{"line":675,"column":52}},"559":{"start":{"line":676,"column":18},"end":{"line":676,"column":29}},"560":{"start":{"line":681,"column":16},"end":{"line":681,"column":20}},"561":{"start":{"line":681,"column":21},"end":{"line":692,"column":11}},"562":{"start":{"line":682,"column":10},"end":{"line":691,"column":13}},"563":{"start":{"line":683,"column":24},"end":{"line":690,"column":15}},"564":{"start":{"line":684,"column":14},"end":{"line":689,"column":30}},"565":{"start":{"line":685,"column":18},"end":{"line":685,"column":72}},"566":{"start":{"line":686,"column":18},"end":{"line":686,"column":132}},"567":{"start":{"line":687,"column":18},"end":{"line":687,"column":52}},"568":{"start":{"line":688,"column":18},"end":{"line":688,"column":52}},"569":{"start":{"line":689,"column":18},"end":{"line":689,"column":29}},"570":{"start":{"line":694,"column":8},"end":{"line":694,"column":22}},"571":{"start":{"line":697,"column":12},"end":{"line":717,"column":5}},"572":{"start":{"line":698,"column":6},"end":{"line":716,"column":9}},"573":{"start":{"line":700,"column":10},"end":{"line":704,"column":11}},"574":{"start":{"line":701,"column":12},"end":{"line":701,"column":25}},"575":{"start":{"line":703,"column":12},"end":{"line":703,"column":17}},"576":{"start":{"line":706,"column":10},"end":{"line":710,"column":11}},"577":{"start":{"line":707,"column":12},"end":{"line":707,"column":26}},"578":{"start":{"line":709,"column":12},"end":{"line":709,"column":17}},"579":{"start":{"line":712,"column":10},"end":{"line":714,"column":24}},"580":{"start":{"line":713,"column":12},"end":{"line":713,"column":23}},"581":{"start":{"line":715,"column":9},"end":{"line":715,"column":45}},"582":{"start":{"line":718,"column":12},"end":{"line":755,"column":5}},"583":{"start":{"line":723,"column":14},"end":{"line":725,"column":30}},"584":{"start":{"line":724,"column":10},"end":{"line":724,"column":35}},"585":{"start":{"line":724,"column":24},"end":{"line":724,"column":35}},"586":{"start":{"line":724,"column":35},"end":{"line":724,"column":47}},"587":{"start":{"line":725,"column":31},"end":{"line":727,"column":12}},"588":{"start":{"line":726,"column":8},"end":{"line":726,"column":20}},"589":{"start":{"line":728,"column":8},"end":{"line":753,"column":10}},"590":{"start":{"line":729,"column":10},"end":{"line":752,"column":20}},"591":{"start":{"line":730,"column":12},"end":{"line":730,"column":74}},"592":{"start":{"line":730,"column":19},"end":{"line":730,"column":74}},"593":{"start":{"line":730,"column":74},"end":{"line":751,"column":13}},"594":{"start":{"line":731,"column":14},"end":{"line":750,"column":15}},"595":{"start":{"line":732,"column":16},"end":{"line":732,"column":128}},"596":{"start":{"line":732,"column":119},"end":{"line":732,"column":128}},"597":{"start":{"line":732,"column":128},"end":{"line":745,"column":65}},"598":{"start":{"line":733,"column":20},"end":{"line":733,"column":26}},"599":{"start":{"line":733,"column":26},"end":{"line":733,"column":32}},"600":{"start":{"line":734,"column":20},"end":{"line":734,"column":64}},"601":{"start":{"line":735,"column":20},"end":{"line":735,"column":49}},"602":{"start":{"line":735,"column":49},"end":{"line":735,"column":58}},"603":{"start":{"line":736,"column":20},"end":{"line":736,"column":50}},"604":{"start":{"line":736,"column":50},"end":{"line":736,"column":59}},"605":{"start":{"line":737,"column":20},"end":{"line":739,"column":21}},"606":{"start":{"line":738,"column":22},"end":{"line":738,"column":28}},"607":{"start":{"line":738,"column":28},"end":{"line":738,"column":37}},"608":{"start":{"line":739,"column":21},"end":{"line":741,"column":21}},"609":{"start":{"line":740,"column":22},"end":{"line":740,"column":37}},"610":{"start":{"line":740,"column":37},"end":{"line":740,"column":43}},"611":{"start":{"line":741,"column":21},"end":{"line":743,"column":21}},"612":{"start":{"line":742,"column":22},"end":{"line":742,"column":44}},"613":{"start":{"line":742,"column":44},"end":{"line":742,"column":50}},"614":{"start":{"line":743,"column":21},"end":{"line":745,"column":21}},"615":{"start":{"line":744,"column":22},"end":{"line":744,"column":52}},"616":{"start":{"line":744,"column":52},"end":{"line":744,"column":58}},"617":{"start":{"line":745,"column":21},"end":{"line":745,"column":55}},"618":{"start":{"line":745,"column":55},"end":{"line":745,"column":64}},"619":{"start":{"line":745,"column":65},"end":{"line":745,"column":82}},"620":{"start":{"line":747,"column":16},"end":{"line":747,"column":34}},"621":{"start":{"line":749,"column":16},"end":{"line":749,"column":26}},"622":{"start":{"line":751,"column":13},"end":{"line":751,"column":38}},"623":{"start":{"line":751,"column":27},"end":{"line":751,"column":38}},"624":{"start":{"line":751,"column":38},"end":{"line":751,"column":87}},"625":{"start":{"line":756,"column":12},"end":{"line":758,"column":5}},"626":{"start":{"line":757,"column":6},"end":{"line":757,"column":52}},"627":{"start":{"line":758,"column":6},"end":{"line":758,"column":60}},"628":{"start":{"line":758,"column":68},"end":{"line":758,"column":76}},"629":{"start":{"line":759,"column":12},"end":{"line":793,"column":7}},"630":{"start":{"line":761,"column":8},"end":{"line":761,"column":25}},"631":{"start":{"line":762,"column":7},"end":{"line":792,"column":11}},"632":{"start":{"line":763,"column":8},"end":{"line":767,"column":11}},"633":{"start":{"line":764,"column":10},"end":{"line":766,"column":13}},"634":{"start":{"line":765,"column":12},"end":{"line":765,"column":56}},"635":{"start":{"line":769,"column":8},"end":{"line":785,"column":11}},"636":{"start":{"line":770,"column":18},"end":{"line":770,"column":22}},"637":{"start":{"line":770,"column":23},"end":{"line":784,"column":13}},"638":{"start":{"line":771,"column":12},"end":{"line":783,"column":16}},"639":{"start":{"line":772,"column":14},"end":{"line":782,"column":17}},"640":{"start":{"line":773,"column":25},"end":{"line":781,"column":19}},"641":{"start":{"line":774,"column":18},"end":{"line":780,"column":34}},"642":{"start":{"line":775,"column":22},"end":{"line":775,"column":90}},"643":{"start":{"line":776,"column":22},"end":{"line":776,"column":71}},"644":{"start":{"line":777,"column":22},"end":{"line":777,"column":59}},"645":{"start":{"line":778,"column":22},"end":{"line":778,"column":52}},"646":{"start":{"line":779,"column":22},"end":{"line":779,"column":56}},"647":{"start":{"line":780,"column":22},"end":{"line":780,"column":33}},"648":{"start":{"line":787,"column":8},"end":{"line":791,"column":11}},"649":{"start":{"line":788,"column":10},"end":{"line":790,"column":13}},"650":{"start":{"line":789,"column":12},"end":{"line":789,"column":56}},"651":{"start":{"line":793,"column":8},"end":{"line":793,"column":22}},"652":{"start":{"line":795,"column":4},"end":{"line":795,"column":35}},"653":{"start":{"line":797,"column":4},"end":{"line":797,"column":44}},"654":{"start":{"line":800,"column":4},"end":{"line":800,"column":58}},"655":{"start":{"line":800,"column":66},"end":{"line":800,"column":71}},"656":{"start":{"line":801,"column":12},"end":{"line":801,"column":17}},"657":{"start":{"line":801,"column":18},"end":{"line":803,"column":6}},"658":{"start":{"line":802,"column":6},"end":{"line":802,"column":23}},"659":{"start":{"line":805,"column":4},"end":{"line":805,"column":32}},"660":{"start":{"line":808,"column":12},"end":{"line":810,"column":5}},"661":{"start":{"line":809,"column":6},"end":{"line":809,"column":52}},"662":{"start":{"line":810,"column":6},"end":{"line":810,"column":60}},"663":{"start":{"line":810,"column":68},"end":{"line":810,"column":76}},"664":{"start":{"line":810,"column":77},"end":{"line":814,"column":6}},"665":{"start":{"line":811,"column":12},"end":{"line":813,"column":12}},"666":{"start":{"line":812,"column":8},"end":{"line":812,"column":74}},"667":{"start":{"line":817,"column":12},"end":{"line":821,"column":5}},"668":{"start":{"line":818,"column":6},"end":{"line":818,"column":38}},"669":{"start":{"line":818,"column":29},"end":{"line":818,"column":38}},"670":{"start":{"line":818,"column":46},"end":{"line":818,"column":48}},"671":{"start":{"line":818,"column":49},"end":{"line":820,"column":7}},"672":{"start":{"line":818,"column":64},"end":{"line":820,"column":7}},"673":{"start":{"line":819,"column":8},"end":{"line":819,"column":58}},"674":{"start":{"line":820,"column":7},"end":{"line":820,"column":31}},"675":{"start":{"line":821,"column":6},"end":{"line":821,"column":60}},"676":{"start":{"line":821,"column":68},"end":{"line":821,"column":76}},"677":{"start":{"line":821,"column":77},"end":{"line":821,"column":88}},"678":{"start":{"line":821,"column":96},"end":{"line":821,"column":104}},"679":{"start":{"line":821,"column":105},"end":{"line":821,"column":118}},"680":{"start":{"line":823,"column":4},"end":{"line":823,"column":26620}},"681":{"start":{"line":825,"column":4},"end":{"line":825,"column":79}},"682":{"start":{"line":827,"column":4},"end":{"line":827,"column":63}},"683":{"start":{"line":829,"column":4},"end":{"line":829,"column":70}},"684":{"start":{"line":831,"column":4},"end":{"line":831,"column":66}},"685":{"start":{"line":833,"column":4},"end":{"line":833,"column":44}},"686":{"start":{"line":836,"column":12},"end":{"line":838,"column":5}},"687":{"start":{"line":837,"column":6},"end":{"line":837,"column":52}},"688":{"start":{"line":838,"column":6},"end":{"line":838,"column":60}},"689":{"start":{"line":838,"column":68},"end":{"line":838,"column":76}},"690":{"start":{"line":838,"column":77},"end":{"line":842,"column":6}},"691":{"start":{"line":839,"column":14},"end":{"line":839,"column":16}},"692":{"start":{"line":839,"column":17},"end":{"line":841,"column":7}},"693":{"start":{"line":840,"column":8},"end":{"line":840,"column":116}},"694":{"start":{"line":841,"column":7},"end":{"line":841,"column":16}}},"fnMap":{"0":{"name":"(anonymous_0)","decl":{"start":{"line":3,"column":84},"end":{"line":3,"column":85}},"loc":{"start":{"line":3,"column":99},"end":{"line":3,"column":121}},"line":3},"1":{"name":"(anonymous_1)","decl":{"start":{"line":3,"column":124},"end":{"line":3,"column":125}},"loc":{"start":{"line":3,"column":139},"end":{"line":3,"column":268}},"line":3},"2":{"name":"(anonymous_2)","decl":{"start":{"line":5,"column":1},"end":{"line":5,"column":2}},"loc":{"start":{"line":5,"column":17},"end":{"line":7,"column":1}},"line":5},"3":{"name":"(anonymous_3)","decl":{"start":{"line":7,"column":10},"end":{"line":7,"column":11}},"loc":{"start":{"line":7,"column":22},"end":{"line":844,"column":1}},"line":7},"4":{"name":"(anonymous_4)","decl":{"start":{"line":8,"column":9},"end":{"line":8,"column":10}},"loc":{"start":{"line":8,"column":22},"end":{"line":24,"column":3}},"line":8},"5":{"name":"t","decl":{"start":{"line":9,"column":24},"end":{"line":9,"column":25}},"loc":{"start":{"line":9,"column":29},"end":{"line":11,"column":5}},"line":9},"6":{"name":"(anonymous_6)","decl":{"start":{"line":11,"column":36},"end":{"line":11,"column":37}},"loc":{"start":{"line":11,"column":55},"end":{"line":13,"column":5}},"line":11},"7":{"name":"(anonymous_7)","decl":{"start":{"line":13,"column":13},"end":{"line":13,"column":14}},"loc":{"start":{"line":13,"column":26},"end":{"line":15,"column":5}},"line":13},"8":{"name":"(anonymous_8)","decl":{"start":{"line":15,"column":13},"end":{"line":15,"column":14}},"loc":{"start":{"line":15,"column":26},"end":{"line":21,"column":5}},"line":15},"9":{"name":"(anonymous_9)","decl":{"start":{"line":16,"column":34},"end":{"line":16,"column":35}},"loc":{"start":{"line":16,"column":46},"end":{"line":18,"column":7}},"line":16},"10":{"name":"(anonymous_10)","decl":{"start":{"line":18,"column":10},"end":{"line":18,"column":11}},"loc":{"start":{"line":18,"column":22},"end":{"line":20,"column":7}},"line":18},"11":{"name":"(anonymous_11)","decl":{"start":{"line":21,"column":13},"end":{"line":21,"column":14}},"loc":{"start":{"line":21,"column":29},"end":{"line":23,"column":5}},"line":21},"12":{"name":"(anonymous_12)","decl":{"start":{"line":24,"column":5},"end":{"line":24,"column":6}},"loc":{"start":{"line":24,"column":21},"end":{"line":26,"column":3}},"line":24},"13":{"name":"(anonymous_13)","decl":{"start":{"line":26,"column":5},"end":{"line":26,"column":6}},"loc":{"start":{"line":26,"column":24},"end":{"line":44,"column":3}},"line":26},"14":{"name":"(anonymous_14)","decl":{"start":{"line":28,"column":41},"end":{"line":28,"column":42}},"loc":{"start":{"line":28,"column":54},"end":{"line":32,"column":5}},"line":28},"15":{"name":"(anonymous_15)","decl":{"start":{"line":33,"column":44},"end":{"line":33,"column":45}},"loc":{"start":{"line":33,"column":57},"end":{"line":35,"column":5}},"line":33},"16":{"name":"(anonymous_16)","decl":{"start":{"line":39,"column":12},"end":{"line":39,"column":13}},"loc":{"start":{"line":39,"column":24},"end":{"line":43,"column":5}},"line":39},"17":{"name":"f","decl":{"start":{"line":40,"column":15},"end":{"line":40,"column":16}},"loc":{"start":{"line":40,"column":20},"end":{"line":42,"column":7}},"line":40},"18":{"name":"(anonymous_18)","decl":{"start":{"line":44,"column":5},"end":{"line":44,"column":6}},"loc":{"start":{"line":44,"column":21},"end":{"line":46,"column":3}},"line":44},"19":{"name":"(anonymous_19)","decl":{"start":{"line":46,"column":5},"end":{"line":46,"column":6}},"loc":{"start":{"line":46,"column":24},"end":{"line":57,"column":3}},"line":46},"20":{"name":"(anonymous_20)","decl":{"start":{"line":48,"column":41},"end":{"line":48,"column":42}},"loc":{"start":{"line":48,"column":54},"end":{"line":52,"column":5}},"line":48},"21":{"name":"(anonymous_21)","decl":{"start":{"line":52,"column":86},"end":{"line":52,"column":87}},"loc":{"start":{"line":52,"column":102},"end":{"line":54,"column":5}},"line":52},"22":{"name":"(anonymous_22)","decl":{"start":{"line":54,"column":16},"end":{"line":54,"column":17}},"loc":{"start":{"line":54,"column":29},"end":{"line":56,"column":5}},"line":54},"23":{"name":"(anonymous_23)","decl":{"start":{"line":57,"column":5},"end":{"line":57,"column":6}},"loc":{"start":{"line":57,"column":24},"end":{"line":68,"column":3}},"line":57},"24":{"name":"(anonymous_24)","decl":{"start":{"line":59,"column":41},"end":{"line":59,"column":42}},"loc":{"start":{"line":59,"column":54},"end":{"line":63,"column":5}},"line":59},"25":{"name":"(anonymous_25)","decl":{"start":{"line":63,"column":86},"end":{"line":63,"column":87}},"loc":{"start":{"line":63,"column":99},"end":{"line":65,"column":5}},"line":63},"26":{"name":"(anonymous_26)","decl":{"start":{"line":65,"column":18},"end":{"line":65,"column":19}},"loc":{"start":{"line":65,"column":31},"end":{"line":67,"column":5}},"line":65},"27":{"name":"(anonymous_27)","decl":{"start":{"line":68,"column":5},"end":{"line":68,"column":6}},"loc":{"start":{"line":68,"column":24},"end":{"line":75,"column":3}},"line":68},"28":{"name":"(anonymous_28)","decl":{"start":{"line":70,"column":41},"end":{"line":70,"column":42}},"loc":{"start":{"line":70,"column":54},"end":{"line":74,"column":5}},"line":70},"29":{"name":"(anonymous_29)","decl":{"start":{"line":75,"column":5},"end":{"line":75,"column":6}},"loc":{"start":{"line":75,"column":21},"end":{"line":77,"column":3}},"line":75},"30":{"name":"(anonymous_30)","decl":{"start":{"line":77,"column":5},"end":{"line":77,"column":6}},"loc":{"start":{"line":77,"column":21},"end":{"line":79,"column":3}},"line":77},"31":{"name":"(anonymous_31)","decl":{"start":{"line":79,"column":5},"end":{"line":79,"column":6}},"loc":{"start":{"line":79,"column":24},"end":{"line":186,"column":3}},"line":79},"32":{"name":"(anonymous_32)","decl":{"start":{"line":81,"column":38},"end":{"line":81,"column":39}},"loc":{"start":{"line":81,"column":60},"end":{"line":101,"column":5}},"line":81},"33":{"name":"(anonymous_33)","decl":{"start":{"line":82,"column":38},"end":{"line":82,"column":39}},"loc":{"start":{"line":82,"column":54},"end":{"line":100,"column":7}},"line":82},"34":{"name":"i","decl":{"start":{"line":83,"column":17},"end":{"line":83,"column":18}},"loc":{"start":{"line":83,"column":22},"end":{"line":89,"column":9}},"line":83},"35":{"name":"o","decl":{"start":{"line":89,"column":18},"end":{"line":89,"column":19}},"loc":{"start":{"line":89,"column":23},"end":{"line":95,"column":9}},"line":89},"36":{"name":"s","decl":{"start":{"line":95,"column":18},"end":{"line":95,"column":19}},"loc":{"start":{"line":95,"column":23},"end":{"line":99,"column":9}},"line":95},"37":{"name":"(anonymous_37)","decl":{"start":{"line":96,"column":38},"end":{"line":96,"column":39}},"loc":{"start":{"line":96,"column":51},"end":{"line":98,"column":11}},"line":96},"38":{"name":"(anonymous_38)","decl":{"start":{"line":102,"column":40},"end":{"line":102,"column":41}},"loc":{"start":{"line":102,"column":56},"end":{"line":139,"column":5}},"line":102},"39":{"name":"sent","decl":{"start":{"line":107,"column":41},"end":{"line":107,"column":45}},"loc":{"start":{"line":107,"column":48},"end":{"line":109,"column":9}},"line":107},"40":{"name":"(anonymous_40)","decl":{"start":{"line":109,"column":138},"end":{"line":109,"column":139}},"loc":{"start":{"line":109,"column":150},"end":{"line":111,"column":7}},"line":109},"41":{"name":"o","decl":{"start":{"line":111,"column":21},"end":{"line":111,"column":22}},"loc":{"start":{"line":111,"column":26},"end":{"line":138,"column":7}},"line":111},"42":{"name":"(anonymous_42)","decl":{"start":{"line":112,"column":15},"end":{"line":112,"column":16}},"loc":{"start":{"line":112,"column":28},"end":{"line":137,"column":9}},"line":112},"43":{"name":"(anonymous_43)","decl":{"start":{"line":113,"column":17},"end":{"line":113,"column":18}},"loc":{"start":{"line":113,"column":30},"end":{"line":136,"column":11}},"line":113},"44":{"name":"(anonymous_44)","decl":{"start":{"line":140,"column":44},"end":{"line":140,"column":45}},"loc":{"start":{"line":140,"column":57},"end":{"line":142,"column":5}},"line":140},"45":{"name":"(anonymous_45)","decl":{"start":{"line":144,"column":12},"end":{"line":144,"column":13}},"loc":{"start":{"line":144,"column":24},"end":{"line":185,"column":5}},"line":144},"46":{"name":"f","decl":{"start":{"line":145,"column":15},"end":{"line":145,"column":16}},"loc":{"start":{"line":145,"column":20},"end":{"line":147,"column":7}},"line":145},"47":{"name":"(anonymous_47)","decl":{"start":{"line":147,"column":32},"end":{"line":147,"column":33}},"loc":{"start":{"line":147,"column":45},"end":{"line":170,"column":7}},"line":147},"48":{"name":"(anonymous_48)","decl":{"start":{"line":148,"column":39},"end":{"line":148,"column":40}},"loc":{"start":{"line":148,"column":51},"end":{"line":169,"column":9}},"line":148},"49":{"name":"(anonymous_49)","decl":{"start":{"line":149,"column":38},"end":{"line":149,"column":39}},"loc":{"start":{"line":149,"column":51},"end":{"line":168,"column":11}},"line":149},"50":{"name":"(anonymous_50)","decl":{"start":{"line":150,"column":35},"end":{"line":150,"column":36}},"loc":{"start":{"line":150,"column":51},"end":{"line":167,"column":13}},"line":150},"51":{"name":"(anonymous_51)","decl":{"start":{"line":151,"column":42},"end":{"line":151,"column":43}},"loc":{"start":{"line":151,"column":54},"end":{"line":166,"column":15}},"line":151},"52":{"name":"(anonymous_52)","decl":{"start":{"line":153,"column":44},"end":{"line":153,"column":45}},"loc":{"start":{"line":153,"column":57},"end":{"line":165,"column":17}},"line":153},"53":{"name":"(anonymous_53)","decl":{"start":{"line":156,"column":108},"end":{"line":156,"column":109}},"loc":{"start":{"line":156,"column":124},"end":{"line":164,"column":23}},"line":156},"54":{"name":"(anonymous_54)","decl":{"start":{"line":157,"column":52},"end":{"line":157,"column":53}},"loc":{"start":{"line":157,"column":64},"end":{"line":163,"column":25}},"line":157},"55":{"name":"(anonymous_55)","decl":{"start":{"line":158,"column":41},"end":{"line":158,"column":42}},"loc":{"start":{"line":158,"column":54},"end":{"line":162,"column":27}},"line":158},"56":{"name":"(anonymous_56)","decl":{"start":{"line":170,"column":27},"end":{"line":170,"column":28}},"loc":{"start":{"line":170,"column":40},"end":{"line":184,"column":7}},"line":170},"57":{"name":"(anonymous_57)","decl":{"start":{"line":171,"column":39},"end":{"line":171,"column":40}},"loc":{"start":{"line":171,"column":51},"end":{"line":183,"column":9}},"line":171},"58":{"name":"(anonymous_58)","decl":{"start":{"line":172,"column":38},"end":{"line":172,"column":39}},"loc":{"start":{"line":172,"column":51},"end":{"line":182,"column":11}},"line":172},"59":{"name":"(anonymous_59)","decl":{"start":{"line":173,"column":51},"end":{"line":173,"column":52}},"loc":{"start":{"line":173,"column":67},"end":{"line":181,"column":13}},"line":173},"60":{"name":"(anonymous_60)","decl":{"start":{"line":174,"column":42},"end":{"line":174,"column":43}},"loc":{"start":{"line":174,"column":54},"end":{"line":180,"column":15}},"line":174},"61":{"name":"(anonymous_61)","decl":{"start":{"line":175,"column":31},"end":{"line":175,"column":32}},"loc":{"start":{"line":175,"column":44},"end":{"line":179,"column":17}},"line":175},"62":{"name":"(anonymous_62)","decl":{"start":{"line":176,"column":61},"end":{"line":176,"column":62}},"loc":{"start":{"line":176,"column":77},"end":{"line":178,"column":19}},"line":176},"63":{"name":"(anonymous_63)","decl":{"start":{"line":186,"column":5},"end":{"line":186,"column":6}},"loc":{"start":{"line":186,"column":21},"end":{"line":188,"column":3}},"line":186},"64":{"name":"(anonymous_64)","decl":{"start":{"line":188,"column":5},"end":{"line":188,"column":6}},"loc":{"start":{"line":188,"column":21},"end":{"line":190,"column":3}},"line":188},"65":{"name":"(anonymous_65)","decl":{"start":{"line":190,"column":5},"end":{"line":190,"column":6}},"loc":{"start":{"line":190,"column":21},"end":{"line":192,"column":3}},"line":190},"66":{"name":"(anonymous_66)","decl":{"start":{"line":192,"column":5},"end":{"line":192,"column":6}},"loc":{"start":{"line":192,"column":21},"end":{"line":194,"column":3}},"line":192},"67":{"name":"(anonymous_67)","decl":{"start":{"line":194,"column":5},"end":{"line":194,"column":6}},"loc":{"start":{"line":194,"column":24},"end":{"line":456,"column":3}},"line":194},"68":{"name":"(anonymous_68)","decl":{"start":{"line":196,"column":54},"end":{"line":196,"column":55}},"loc":{"start":{"line":196,"column":67},"end":{"line":202,"column":5}},"line":196},"69":{"name":"(anonymous_69)","decl":{"start":{"line":203,"column":38},"end":{"line":203,"column":39}},"loc":{"start":{"line":203,"column":60},"end":{"line":223,"column":5}},"line":203},"70":{"name":"(anonymous_70)","decl":{"start":{"line":204,"column":38},"end":{"line":204,"column":39}},"loc":{"start":{"line":204,"column":54},"end":{"line":222,"column":7}},"line":204},"71":{"name":"i","decl":{"start":{"line":205,"column":17},"end":{"line":205,"column":18}},"loc":{"start":{"line":205,"column":22},"end":{"line":211,"column":9}},"line":205},"72":{"name":"o","decl":{"start":{"line":211,"column":18},"end":{"line":211,"column":19}},"loc":{"start":{"line":211,"column":23},"end":{"line":217,"column":9}},"line":211},"73":{"name":"s","decl":{"start":{"line":217,"column":18},"end":{"line":217,"column":19}},"loc":{"start":{"line":217,"column":23},"end":{"line":221,"column":9}},"line":217},"74":{"name":"(anonymous_74)","decl":{"start":{"line":218,"column":38},"end":{"line":218,"column":39}},"loc":{"start":{"line":218,"column":51},"end":{"line":220,"column":11}},"line":218},"75":{"name":"(anonymous_75)","decl":{"start":{"line":224,"column":40},"end":{"line":224,"column":41}},"loc":{"start":{"line":224,"column":56},"end":{"line":261,"column":5}},"line":224},"76":{"name":"sent","decl":{"start":{"line":229,"column":41},"end":{"line":229,"column":45}},"loc":{"start":{"line":229,"column":48},"end":{"line":231,"column":9}},"line":229},"77":{"name":"(anonymous_77)","decl":{"start":{"line":231,"column":138},"end":{"line":231,"column":139}},"loc":{"start":{"line":231,"column":150},"end":{"line":233,"column":7}},"line":231},"78":{"name":"o","decl":{"start":{"line":233,"column":21},"end":{"line":233,"column":22}},"loc":{"start":{"line":233,"column":26},"end":{"line":260,"column":7}},"line":233},"79":{"name":"(anonymous_79)","decl":{"start":{"line":234,"column":15},"end":{"line":234,"column":16}},"loc":{"start":{"line":234,"column":28},"end":{"line":259,"column":9}},"line":234},"80":{"name":"(anonymous_80)","decl":{"start":{"line":235,"column":17},"end":{"line":235,"column":18}},"loc":{"start":{"line":235,"column":30},"end":{"line":258,"column":11}},"line":235},"81":{"name":"(anonymous_81)","decl":{"start":{"line":262,"column":44},"end":{"line":262,"column":45}},"loc":{"start":{"line":262,"column":57},"end":{"line":264,"column":5}},"line":262},"82":{"name":"(anonymous_82)","decl":{"start":{"line":265,"column":41},"end":{"line":265,"column":42}},"loc":{"start":{"line":265,"column":54},"end":{"line":269,"column":5}},"line":265},"83":{"name":"(anonymous_83)","decl":{"start":{"line":276,"column":12},"end":{"line":276,"column":13}},"loc":{"start":{"line":276,"column":24},"end":{"line":455,"column":5}},"line":276},"84":{"name":"f","decl":{"start":{"line":277,"column":15},"end":{"line":277,"column":16}},"loc":{"start":{"line":277,"column":26},"end":{"line":281,"column":7}},"line":277},"85":{"name":"(anonymous_85)","decl":{"start":{"line":281,"column":25},"end":{"line":281,"column":26}},"loc":{"start":{"line":281,"column":38},"end":{"line":283,"column":7}},"line":281},"86":{"name":"(anonymous_86)","decl":{"start":{"line":283,"column":16},"end":{"line":283,"column":17}},"loc":{"start":{"line":283,"column":29},"end":{"line":285,"column":7}},"line":283},"87":{"name":"(anonymous_87)","decl":{"start":{"line":285,"column":34},"end":{"line":285,"column":35}},"loc":{"start":{"line":285,"column":46},"end":{"line":323,"column":7}},"line":285},"88":{"name":"(anonymous_88)","decl":{"start":{"line":286,"column":39},"end":{"line":286,"column":40}},"loc":{"start":{"line":286,"column":51},"end":{"line":322,"column":9}},"line":286},"89":{"name":"(anonymous_89)","decl":{"start":{"line":287,"column":38},"end":{"line":287,"column":39}},"loc":{"start":{"line":287,"column":51},"end":{"line":321,"column":11}},"line":287},"90":{"name":"(anonymous_90)","decl":{"start":{"line":288,"column":35},"end":{"line":288,"column":36}},"loc":{"start":{"line":288,"column":51},"end":{"line":320,"column":13}},"line":288},"91":{"name":"(anonymous_91)","decl":{"start":{"line":289,"column":42},"end":{"line":289,"column":43}},"loc":{"start":{"line":289,"column":54},"end":{"line":319,"column":15}},"line":289},"92":{"name":"(anonymous_92)","decl":{"start":{"line":292,"column":44},"end":{"line":292,"column":45}},"loc":{"start":{"line":292,"column":57},"end":{"line":318,"column":17}},"line":292},"93":{"name":"(anonymous_93)","decl":{"start":{"line":301,"column":115},"end":{"line":301,"column":116}},"loc":{"start":{"line":301,"column":127},"end":{"line":309,"column":23}},"line":301},"94":{"name":"(anonymous_94)","decl":{"start":{"line":302,"column":52},"end":{"line":302,"column":53}},"loc":{"start":{"line":302,"column":64},"end":{"line":308,"column":25}},"line":302},"95":{"name":"(anonymous_95)","decl":{"start":{"line":303,"column":41},"end":{"line":303,"column":42}},"loc":{"start":{"line":303,"column":54},"end":{"line":307,"column":27}},"line":303},"96":{"name":"(anonymous_96)","decl":{"start":{"line":309,"column":48},"end":{"line":309,"column":49}},"loc":{"start":{"line":309,"column":61},"end":{"line":315,"column":23}},"line":309},"97":{"name":"(anonymous_97)","decl":{"start":{"line":310,"column":52},"end":{"line":310,"column":53}},"loc":{"start":{"line":310,"column":64},"end":{"line":314,"column":25}},"line":310},"98":{"name":"(anonymous_98)","decl":{"start":{"line":311,"column":41},"end":{"line":311,"column":42}},"loc":{"start":{"line":311,"column":54},"end":{"line":313,"column":27}},"line":311},"99":{"name":"(anonymous_99)","decl":{"start":{"line":323,"column":32},"end":{"line":323,"column":33}},"loc":{"start":{"line":323,"column":44},"end":{"line":351,"column":7}},"line":323},"100":{"name":"(anonymous_100)","decl":{"start":{"line":324,"column":39},"end":{"line":324,"column":40}},"loc":{"start":{"line":324,"column":51},"end":{"line":350,"column":9}},"line":324},"101":{"name":"(anonymous_101)","decl":{"start":{"line":325,"column":38},"end":{"line":325,"column":39}},"loc":{"start":{"line":325,"column":51},"end":{"line":349,"column":11}},"line":325},"102":{"name":"(anonymous_102)","decl":{"start":{"line":326,"column":35},"end":{"line":326,"column":36}},"loc":{"start":{"line":326,"column":51},"end":{"line":348,"column":13}},"line":326},"103":{"name":"(anonymous_103)","decl":{"start":{"line":327,"column":42},"end":{"line":327,"column":43}},"loc":{"start":{"line":327,"column":54},"end":{"line":347,"column":15}},"line":327},"104":{"name":"(anonymous_104)","decl":{"start":{"line":328,"column":44},"end":{"line":328,"column":45}},"loc":{"start":{"line":328,"column":57},"end":{"line":346,"column":17}},"line":328},"105":{"name":"(anonymous_105)","decl":{"start":{"line":330,"column":106},"end":{"line":330,"column":107}},"loc":{"start":{"line":330,"column":118},"end":{"line":336,"column":21}},"line":330},"106":{"name":"(anonymous_106)","decl":{"start":{"line":331,"column":50},"end":{"line":331,"column":51}},"loc":{"start":{"line":331,"column":62},"end":{"line":335,"column":23}},"line":331},"107":{"name":"(anonymous_107)","decl":{"start":{"line":332,"column":39},"end":{"line":332,"column":40}},"loc":{"start":{"line":332,"column":52},"end":{"line":334,"column":25}},"line":332},"108":{"name":"(anonymous_108)","decl":{"start":{"line":336,"column":46},"end":{"line":336,"column":47}},"loc":{"start":{"line":336,"column":58},"end":{"line":342,"column":21}},"line":336},"109":{"name":"(anonymous_109)","decl":{"start":{"line":337,"column":50},"end":{"line":337,"column":51}},"loc":{"start":{"line":337,"column":62},"end":{"line":341,"column":23}},"line":337},"110":{"name":"(anonymous_110)","decl":{"start":{"line":338,"column":39},"end":{"line":338,"column":40}},"loc":{"start":{"line":338,"column":52},"end":{"line":340,"column":25}},"line":338},"111":{"name":"(anonymous_111)","decl":{"start":{"line":351,"column":35},"end":{"line":351,"column":36}},"loc":{"start":{"line":351,"column":47},"end":{"line":377,"column":7}},"line":351},"112":{"name":"(anonymous_112)","decl":{"start":{"line":352,"column":39},"end":{"line":352,"column":40}},"loc":{"start":{"line":352,"column":51},"end":{"line":376,"column":9}},"line":352},"113":{"name":"(anonymous_113)","decl":{"start":{"line":353,"column":79},"end":{"line":353,"column":80}},"loc":{"start":{"line":353,"column":92},"end":{"line":375,"column":11}},"line":353},"114":{"name":"t","decl":{"start":{"line":355,"column":63},"end":{"line":355,"column":64}},"loc":{"start":{"line":355,"column":68},"end":{"line":357,"column":17}},"line":355},"115":{"name":"(anonymous_115)","decl":{"start":{"line":377,"column":30},"end":{"line":377,"column":31}},"loc":{"start":{"line":377,"column":42},"end":{"line":390,"column":7}},"line":377},"116":{"name":"(anonymous_116)","decl":{"start":{"line":378,"column":39},"end":{"line":378,"column":40}},"loc":{"start":{"line":378,"column":51},"end":{"line":389,"column":9}},"line":378},"117":{"name":"(anonymous_117)","decl":{"start":{"line":379,"column":55},"end":{"line":379,"column":56}},"loc":{"start":{"line":379,"column":68},"end":{"line":388,"column":11}},"line":379},"118":{"name":"e","decl":{"start":{"line":381,"column":37},"end":{"line":381,"column":38}},"loc":{"start":{"line":381,"column":42},"end":{"line":383,"column":17}},"line":381},"119":{"name":"(anonymous_119)","decl":{"start":{"line":390,"column":27},"end":{"line":390,"column":28}},"loc":{"start":{"line":390,"column":40},"end":{"line":402,"column":7}},"line":390},"120":{"name":"(anonymous_120)","decl":{"start":{"line":391,"column":39},"end":{"line":391,"column":40}},"loc":{"start":{"line":391,"column":51},"end":{"line":401,"column":9}},"line":391},"121":{"name":"(anonymous_121)","decl":{"start":{"line":392,"column":46},"end":{"line":392,"column":47}},"loc":{"start":{"line":392,"column":59},"end":{"line":400,"column":11}},"line":392},"122":{"name":"(anonymous_122)","decl":{"start":{"line":402,"column":30},"end":{"line":402,"column":31}},"loc":{"start":{"line":402,"column":43},"end":{"line":412,"column":7}},"line":402},"123":{"name":"(anonymous_123)","decl":{"start":{"line":403,"column":39},"end":{"line":403,"column":40}},"loc":{"start":{"line":403,"column":51},"end":{"line":411,"column":9}},"line":403},"124":{"name":"(anonymous_124)","decl":{"start":{"line":404,"column":40},"end":{"line":404,"column":41}},"loc":{"start":{"line":404,"column":53},"end":{"line":410,"column":11}},"line":404},"125":{"name":"(anonymous_125)","decl":{"start":{"line":412,"column":32},"end":{"line":412,"column":33}},"loc":{"start":{"line":412,"column":45},"end":{"line":433,"column":7}},"line":412},"126":{"name":"(anonymous_126)","decl":{"start":{"line":413,"column":39},"end":{"line":413,"column":40}},"loc":{"start":{"line":413,"column":51},"end":{"line":432,"column":9}},"line":413},"127":{"name":"(anonymous_127)","decl":{"start":{"line":414,"column":70},"end":{"line":414,"column":71}},"loc":{"start":{"line":414,"column":83},"end":{"line":431,"column":11}},"line":414},"128":{"name":"(anonymous_128)","decl":{"start":{"line":433,"column":28},"end":{"line":433,"column":29}},"loc":{"start":{"line":433,"column":41},"end":{"line":446,"column":7}},"line":433},"129":{"name":"get","decl":{"start":{"line":446,"column":68},"end":{"line":446,"column":71}},"loc":{"start":{"line":446,"column":74},"end":{"line":448,"column":9}},"line":446},"130":{"name":"set","decl":{"start":{"line":448,"column":25},"end":{"line":448,"column":28}},"loc":{"start":{"line":448,"column":32},"end":{"line":450,"column":9}},"line":448},"131":{"name":"get","decl":{"start":{"line":450,"column":108},"end":{"line":450,"column":111}},"loc":{"start":{"line":450,"column":114},"end":{"line":452,"column":9}},"line":450},"132":{"name":"set","decl":{"start":{"line":452,"column":25},"end":{"line":452,"column":28}},"loc":{"start":{"line":452,"column":32},"end":{"line":454,"column":9}},"line":452},"133":{"name":"(anonymous_133)","decl":{"start":{"line":456,"column":5},"end":{"line":456,"column":6}},"loc":{"start":{"line":456,"column":24},"end":{"line":565,"column":3}},"line":456},"134":{"name":"(anonymous_134)","decl":{"start":{"line":458,"column":38},"end":{"line":458,"column":39}},"loc":{"start":{"line":458,"column":60},"end":{"line":478,"column":5}},"line":458},"135":{"name":"(anonymous_135)","decl":{"start":{"line":459,"column":38},"end":{"line":459,"column":39}},"loc":{"start":{"line":459,"column":54},"end":{"line":477,"column":7}},"line":459},"136":{"name":"i","decl":{"start":{"line":460,"column":17},"end":{"line":460,"column":18}},"loc":{"start":{"line":460,"column":22},"end":{"line":466,"column":9}},"line":460},"137":{"name":"o","decl":{"start":{"line":466,"column":18},"end":{"line":466,"column":19}},"loc":{"start":{"line":466,"column":23},"end":{"line":472,"column":9}},"line":466},"138":{"name":"s","decl":{"start":{"line":472,"column":18},"end":{"line":472,"column":19}},"loc":{"start":{"line":472,"column":23},"end":{"line":476,"column":9}},"line":472},"139":{"name":"(anonymous_139)","decl":{"start":{"line":473,"column":38},"end":{"line":473,"column":39}},"loc":{"start":{"line":473,"column":51},"end":{"line":475,"column":11}},"line":473},"140":{"name":"(anonymous_140)","decl":{"start":{"line":479,"column":40},"end":{"line":479,"column":41}},"loc":{"start":{"line":479,"column":56},"end":{"line":516,"column":5}},"line":479},"141":{"name":"sent","decl":{"start":{"line":484,"column":41},"end":{"line":484,"column":45}},"loc":{"start":{"line":484,"column":48},"end":{"line":486,"column":9}},"line":484},"142":{"name":"(anonymous_142)","decl":{"start":{"line":486,"column":138},"end":{"line":486,"column":139}},"loc":{"start":{"line":486,"column":150},"end":{"line":488,"column":7}},"line":486},"143":{"name":"o","decl":{"start":{"line":488,"column":21},"end":{"line":488,"column":22}},"loc":{"start":{"line":488,"column":26},"end":{"line":515,"column":7}},"line":488},"144":{"name":"(anonymous_144)","decl":{"start":{"line":489,"column":15},"end":{"line":489,"column":16}},"loc":{"start":{"line":489,"column":28},"end":{"line":514,"column":9}},"line":489},"145":{"name":"(anonymous_145)","decl":{"start":{"line":490,"column":17},"end":{"line":490,"column":18}},"loc":{"start":{"line":490,"column":30},"end":{"line":513,"column":11}},"line":490},"146":{"name":"(anonymous_146)","decl":{"start":{"line":517,"column":44},"end":{"line":517,"column":45}},"loc":{"start":{"line":517,"column":57},"end":{"line":519,"column":5}},"line":517},"147":{"name":"(anonymous_147)","decl":{"start":{"line":520,"column":12},"end":{"line":520,"column":13}},"loc":{"start":{"line":520,"column":24},"end":{"line":564,"column":5}},"line":520},"148":{"name":"f","decl":{"start":{"line":521,"column":15},"end":{"line":521,"column":16}},"loc":{"start":{"line":521,"column":20},"end":{"line":523,"column":7}},"line":521},"149":{"name":"(anonymous_149)","decl":{"start":{"line":523,"column":33},"end":{"line":523,"column":34}},"loc":{"start":{"line":523,"column":46},"end":{"line":541,"column":7}},"line":523},"150":{"name":"(anonymous_150)","decl":{"start":{"line":524,"column":66},"end":{"line":524,"column":67}},"loc":{"start":{"line":524,"column":78},"end":{"line":540,"column":9}},"line":524},"151":{"name":"(anonymous_151)","decl":{"start":{"line":525,"column":38},"end":{"line":525,"column":39}},"loc":{"start":{"line":525,"column":51},"end":{"line":539,"column":11}},"line":525},"152":{"name":"(anonymous_152)","decl":{"start":{"line":526,"column":35},"end":{"line":526,"column":36}},"loc":{"start":{"line":526,"column":51},"end":{"line":538,"column":13}},"line":526},"153":{"name":"(anonymous_153)","decl":{"start":{"line":527,"column":42},"end":{"line":527,"column":43}},"loc":{"start":{"line":527,"column":54},"end":{"line":537,"column":15}},"line":527},"154":{"name":"(anonymous_154)","decl":{"start":{"line":528,"column":40},"end":{"line":528,"column":41}},"loc":{"start":{"line":528,"column":53},"end":{"line":536,"column":17}},"line":528},"155":{"name":"(anonymous_155)","decl":{"start":{"line":541,"column":30},"end":{"line":541,"column":31}},"loc":{"start":{"line":541,"column":43},"end":{"line":557,"column":7}},"line":541},"156":{"name":"(anonymous_156)","decl":{"start":{"line":542,"column":66},"end":{"line":542,"column":67}},"loc":{"start":{"line":542,"column":78},"end":{"line":556,"column":9}},"line":542},"157":{"name":"(anonymous_157)","decl":{"start":{"line":543,"column":38},"end":{"line":543,"column":39}},"loc":{"start":{"line":543,"column":51},"end":{"line":555,"column":11}},"line":543},"158":{"name":"(anonymous_158)","decl":{"start":{"line":544,"column":35},"end":{"line":544,"column":36}},"loc":{"start":{"line":544,"column":51},"end":{"line":554,"column":13}},"line":544},"159":{"name":"(anonymous_159)","decl":{"start":{"line":545,"column":42},"end":{"line":545,"column":43}},"loc":{"start":{"line":545,"column":54},"end":{"line":553,"column":15}},"line":545},"160":{"name":"(anonymous_160)","decl":{"start":{"line":546,"column":40},"end":{"line":546,"column":41}},"loc":{"start":{"line":546,"column":53},"end":{"line":552,"column":17}},"line":546},"161":{"name":"(anonymous_161)","decl":{"start":{"line":557,"column":29},"end":{"line":557,"column":30}},"loc":{"start":{"line":557,"column":42},"end":{"line":563,"column":7}},"line":557},"162":{"name":"(anonymous_162)","decl":{"start":{"line":558,"column":39},"end":{"line":558,"column":40}},"loc":{"start":{"line":558,"column":51},"end":{"line":562,"column":9}},"line":558},"163":{"name":"(anonymous_163)","decl":{"start":{"line":559,"column":25},"end":{"line":559,"column":26}},"loc":{"start":{"line":559,"column":38},"end":{"line":561,"column":11}},"line":559},"164":{"name":"(anonymous_164)","decl":{"start":{"line":565,"column":5},"end":{"line":565,"column":6}},"loc":{"st
[...]
art":{"line":732,"column":33},"end":{"line":732,"column":85}},{"start":{"line":732,"column":90},"end":{"line":732,"column":117}}],"line":732},"207":{"loc":{"start":{"line":732,"column":39},"end":{"line":732,"column":84}},"type":"cond-expr","locations":[{"start":{"line":732,"column":50},"end":{"line":732,"column":58}},{"start":{"line":732,"column":61},"end":{"line":732,"column":84}}],"line":732},"208":{"loc":{"start":{"line":732,"column":61},"end":{"line":732,"column":84}},"type":"cond-expr","locations":[{"start":{"line":732,"column":68},"end":{"line":732,"column":75}},{"start":{"line":732,"column":78},"end":{"line":732,"column":84}}],"line":732},"209":{"loc":{"start":{"line":732,"column":128},"end":{"line":745,"column":65}},"type":"switch","locations":[{"start":{"line":732,"column":175},"end":{"line":732,"column":182}},{"start":{"line":732,"column":182},"end":{"line":733,"column":32}},{"start":{"line":733,"column":32},"end":{"line":734,"column":64}},{"start":{"line":734,"column":64},"end":{"line":735,"column":58}},{"start":{"line":735,"column":58},"end":{"line":736,"column":59}},{"start":{"line":736,"column":59},"end":{"line":745,"column":64}}],"line":732},"210":{"loc":{"start":{"line":732,"column":143},"end":{"line":732,"column":166}},"type":"binary-expr","locations":[{"start":{"line":732,"column":143},"end":{"line":732,"column":144}},{"start":{"line":732,"column":149},"end":{"line":732,"column":165}}],"line":732},"211":{"loc":{"start":{"line":737,"column":20},"end":{"line":739,"column":21}},"type":"if","locations":[{"start":{"line":737,"column":20},"end":{"line":739,"column":21}},{"start":{"line":737,"column":20},"end":{"line":739,"column":21}}],"line":737},"212":{"loc":{"start":{"line":737,"column":24},"end":{"line":737,"column":103}},"type":"binary-expr","locations":[{"start":{"line":737,"column":24},"end":{"line":737,"column":73}},{"start":{"line":737,"column":78},"end":{"line":737,"column":88}},{"start":{"line":737,"column":92},"end":{"line":737,"column":102}}],"line":737},"213":{"loc":{"start":{"line":737,"column":30},"end":{"line":737,"column":72}},"type":"binary-expr","locations":[{"start":{"line":737,"column":30},"end":{"line":737,"column":53}},{"start":{"line":737,"column":57},"end":{"line":737,"column":72}}],"line":737},"214":{"loc":{"start":{"line":739,"column":21},"end":{"line":741,"column":21}},"type":"if","locations":[{"start":{"line":739,"column":21},"end":{"line":741,"column":21}},{"start":{"line":739,"column":21},"end":{"line":741,"column":21}}],"line":739},"215":{"loc":{"start":{"line":739,"column":25},"end":{"line":739,"column":73}},"type":"binary-expr","locations":[{"start":{"line":739,"column":25},"end":{"line":739,"column":35}},{"start":{"line":739,"column":40},"end":{"line":739,"column":42}},{"start":{"line":739,"column":46},"end":{"line":739,"column":57}},{"start":{"line":739,"column":61},"end":{"line":739,"column":72}}],"line":739},"216":{"loc":{"start":{"line":741,"column":21},"end":{"line":743,"column":21}},"type":"if","locations":[{"start":{"line":741,"column":21},"end":{"line":743,"column":21}},{"start":{"line":741,"column":21},"end":{"line":743,"column":21}}],"line":741},"217":{"loc":{"start":{"line":741,"column":25},"end":{"line":741,"column":53}},"type":"binary-expr","locations":[{"start":{"line":741,"column":25},"end":{"line":741,"column":35}},{"start":{"line":741,"column":39},"end":{"line":741,"column":53}}],"line":741},"218":{"loc":{"start":{"line":743,"column":21},"end":{"line":745,"column":21}},"type":"if","locations":[{"start":{"line":743,"column":21},"end":{"line":745,"column":21}},{"start":{"line":743,"column":21},"end":{"line":745,"column":21}}],"line":743},"219":{"loc":{"start":{"line":743,"column":25},"end":{"line":743,"column":44}},"type":"binary-expr","locations":[{"start":{"line":743,"column":25},"end":{"line":743,"column":26}},{"start":{"line":743,"column":30},"end":{"line":743,"column":44}}],"line":743},"220":{"loc":{"start":{"line":745,"column":21},"end":{"line":745,"column":40}},"type":"binary-expr","locations":[{"start":{"line":745,"column":21},"end":{"line":745,"column":25}},{"start":{"line":745,"column":29},"end":{"line":745,"column":40}}],"line":745},"221":{"loc":{"start":{"line":751,"column":13},"end":{"line":751,"column":38}},"type":"if","locations":[{"start":{"line":751,"column":13},"end":{"line":751,"column":38}},{"start":{"line":751,"column":13},"end":{"line":751,"column":38}}],"line":751},"222":{"loc":{"start":{"line":751,"column":54},"end":{"line":751,"column":74}},"type":"cond-expr","locations":[{"start":{"line":751,"column":61},"end":{"line":751,"column":65}},{"start":{"line":751,"column":68},"end":{"line":751,"column":74}}],"line":751},"223":{"loc":{"start":{"line":756,"column":12},"end":{"line":758,"column":5}},"type":"binary-expr","locations":[{"start":{"line":756,"column":12},"end":{"line":756,"column":16}},{"start":{"line":756,"column":20},"end":{"line":756,"column":40}},{"start":{"line":756,"column":44},"end":{"line":758,"column":5}}],"line":756},"224":{"loc":{"start":{"line":757,"column":13},"end":{"line":757,"column":51}},"type":"cond-expr","locations":[{"start":{"line":757,"column":33},"end":{"line":757,"column":34}},{"start":{"line":757,"column":37},"end":{"line":757,"column":51}}],"line":757},"225":{"loc":{"start":{"line":757,"column":13},"end":{"line":757,"column":30}},"type":"binary-expr","locations":[{"start":{"line":757,"column":13},"end":{"line":757,"column":14}},{"start":{"line":757,"column":18},"end":{"line":757,"column":30}}],"line":757},"226":{"loc":{"start":{"line":774,"column":18},"end":{"line":780,"column":34}},"type":"switch","locations":[{"start":{"line":774,"column":36},"end":{"line":775,"column":90}},{"start":{"line":775,"column":90},"end":{"line":776,"column":71}},{"start":{"line":776,"column":71},"end":{"line":777,"column":59}},{"start":{"line":777,"column":59},"end":{"line":778,"column":52}},{"start":{"line":778,"column":52},"end":{"line":779,"column":56}},{"start":{"line":779,"column":56},"end":{"line":780,"column":33}}],"line":774},"227":{"loc":{"start":{"line":808,"column":12},"end":{"line":810,"column":5}},"type":"binary-expr","locations":[{"start":{"line":808,"column":12},"end":{"line":808,"column":16}},{"start":{"line":808,"column":20},"end":{"line":808,"column":40}},{"start":{"line":808,"column":44},"end":{"line":810,"column":5}}],"line":808},"228":{"loc":{"start":{"line":809,"column":13},"end":{"line":809,"column":51}},"type":"cond-expr","locations":[{"start":{"line":809,"column":33},"end":{"line":809,"column":34}},{"start":{"line":809,"column":37},"end":{"line":809,"column":51}}],"line":809},"229":{"loc":{"start":{"line":809,"column":13},"end":{"line":809,"column":30}},"type":"binary-expr","locations":[{"start":{"line":809,"column":13},"end":{"line":809,"column":14}},{"start":{"line":809,"column":18},"end":{"line":809,"column":30}}],"line":809},"230":{"loc":{"start":{"line":811,"column":19},"end":{"line":813,"column":8}},"type":"binary-expr","locations":[{"start":{"line":811,"column":19},"end":{"line":811,"column":28}},{"start":{"line":811,"column":32},"end":{"line":811,"column":147}},{"start":{"line":811,"column":152},"end":{"line":813,"column":7}}],"line":811},"231":{"loc":{"start":{"line":817,"column":12},"end":{"line":821,"column":5}},"type":"binary-expr","locations":[{"start":{"line":817,"column":12},"end":{"line":817,"column":16}},{"start":{"line":817,"column":20},"end":{"line":817,"column":37}},{"start":{"line":817,"column":41},"end":{"line":821,"column":5}}],"line":817},"232":{"loc":{"start":{"line":818,"column":6},"end":{"line":818,"column":38}},"type":"if","locations":[{"start":{"line":818,"column":6},"end":{"line":818,"column":38}},{"start":{"line":818,"column":6},"end":{"line":818,"column":38}}],"line":818},"233":{"loc":{"start":{"line":818,"column":10},"end":{"line":818,"column":27}},"type":"binary-expr","locations":[{"start":{"line":818,"column":10},"end":{"line":818,"column":11}},{"start":{"line":818,"column":15},"end":{"line":818,"column":27}}],"line":818},"234":{"loc":{"start":{"line":818,"column":49},"end":{"line":820,"column":7}},"type":"if","locations":[{"start":{"line":818,"column":49},"end":{"line":820,"column":7}},{"start":{"line":818,"column":49},"end":{"line":820,"column":7}}],"line":818},"235":{"loc":{"start":{"line":819,"column":8},"end":{"line":819,"column":57}},"type":"binary-expr","locations":[{"start":{"line":819,"column":8},"end":{"line":819,"column":40}},{"start":{"line":819,"column":45},"end":{"line":819,"column":56}}],"line":819},"236":{"loc":{"start":{"line":836,"column":12},"end":{"line":838,"column":5}},"type":"binary-expr","locations":[{"start":{"line":836,"column":12},"end":{"line":836,"column":16}},{"start":{"line":836,"column":20},"end":{"line":836,"column":40}},{"start":{"line":836,"column":44},"end":{"line":838,"column":5}}],"line":836},"237":{"loc":{"start":{"line":837,"column":13},"end":{"line":837,"column":51}},"type":"cond-expr","locations":[{"start":{"line":837,"column":33},"end":{"line":837,"column":34}},{"start":{"line":837,"column":37},"end":{"line":837,"column":51}}],"line":837},"238":{"loc":{"start":{"line":837,"column":13},"end":{"line":837,"column":30}},"type":"binary-expr","locations":[{"start":{"line":837,"column":13},"end":{"line":837,"column":14}},{"start":{"line":837,"column":18},"end":{"line":837,"column":30}}],"line":837}},"s":{"0":1,"1":2,"2":0,"3":1,"4":1,"5":1,"6":1,"7":32,"8":2,"9":30,"10":30,"11":1,"12":0,"13":0,"14":0,"15":0,"16":0,"17":0,"18":0,"19":1,"20":1,"21":2,"22":2,"23":0,"24":0,"25":0,"26":0,"27":0,"28":1,"29":2,"30":1,"31":1,"32":1,"33":1,"34":1,"35":1,"36":3,"37":1,"38":1,"39":1,"40":1,"41":1,"42":0,"43":1,"44":1,"45":1,"46":4,"47":1,"48":1,"49":1,"50":1,"51":8,"52":9,"53":1,"54":1,"55":0,"56":1,"57":1,"58":1,"59":86,"60":1,"61":1,"62":1,"63":1,"64":6,"65":2,"66":1,"67":2,"68":2,"69":0,"70":0,"71":0,"72":0,"73":0,"74":1,"75":1,"76":1,"77":1,"78":1,"79":1,"80":1,"81":1,"82":0,"83":0,"84":0,"85":0,"86":0,"87":0,"88":0,"89":0,"90":0,"91":0,"92":1,"93":0,"94":0,"95":0,"96":0,"97":0,"98":0,"99":0,"100":0,"101":0,"102":0,"103":0,"104":0,"105":0,"106":0,"107":0,"108":0,"109":0,"110":0,"111":0,"112":0,"113":0,"114":0,"115":0,"116":0,"117":0,"118":0,"119":0,"120":0,"121":0,"122":0,"123":0,"124":0,"125":0,"126":0,"127":0,"128":0,"129":0,"130":0,"131":0,"132":0,"133":0,"134":0,"135":1,"136":2,"137":1,"138":1,"139":1,"140":1,"141":2,"142":1,"143":0,"144":0,"145":0,"146":0,"147":0,"148":0,"149":0,"150":0,"151":0,"152":0,"153":0,"154":0,"155":0,"156":0,"157":0,"158":0,"159":0,"160":0,"161":0,"162":0,"163":0,"164":0,"165":0,"166":1,"167":1,"168":1,"169":1,"170":1,"171":1,"172":0,"173":0,"174":0,"175":0,"176":1,"177":15,"178":38,"179":38,"180":0,"181":0,"182":0,"183":0,"184":53,"185":38,"186":15,"187":1,"188":15,"189":38,"190":0,"191":38,"192":15,"193":0,"194":45,"195":53,"196":53,"197":0,"198":53,"199":141,"200":141,"201":0,"202":141,"203":53,"204":53,"205":38,"206":0,"207":0,"208":0,"209":0,"210":50,"211":15,"212":15,"213":35,"214":33,"215":33,"216":2,"217":0,"218":0,"219":2,"220":0,"221":0,"222":2,"223":2,"224":86,"225":0,"226":141,"227":15,"228":0,"229":15,"230":1,"231":6,"232":1,"233":1,"234":1,"235":0,"236":0,"237":0,"238":0,"239":0,"240":1,"241":1,"242":1,"243":1,"244":1,"245":1,"246":1,"247":1,"248":1,"249":2,"250":16,"251":1,"252":0,"253":0,"254":2,"255":2,"256":2,"257":2,"258":2,"259":2,"260":2,"261":16,"262":2,"263":2,"264":0,"265":2,"266":2,"267":2,"268":2,"269":2,"270":2,"271":2,"272":2,"273":2,"274":4,"275":2,"276":2,"277":0,"278":0,"279":0,"280":0,"281":2,"282":0,"283":0,"284":0,"285":0,"286":0,"287":0,"288":0,"289":0,"290":0,"291":0,"292":0,"293":0,"294":0,"295":0,"296":0,"297":0,"298":0,"299":1,"300":1,"301":11,"302":1,"303":49,"304":4,"305":1,"306":0,"307":1,"308":1,"309":0,"310":0,"311":0,"312":0,"313":0,"314":1,"315":4,"316":1,"317":5,"318":4,"319":4,"320":1,"321":0,"322":0,"323":0,"324":0,"325":0,"326":0,"327":0,"328":0,"329":0,"330":1,"331":1,"332":7,"333":1,"334":1,"335":3,"336":2,"337":2,"338":1,"339":1,"340":1,"341":2,"342":1,"343":4,"344":1,"345":1,"346":6,"347":6,"348":44,"349":6,"350":6,"351":2,"352":4,"353":9,"354":5,"355":5,"356":4,"357":4,"358":9,"359":5,"360":5,"361":4,"362":0,"363":0,"364":2,"365":5,"366":2,"367":0,"368":0,"369":9,"370":2,"371":1,"372":1,"373":4,"374":2,"375":2,"376":0,"377":0,"378":0,"379":0,"380":6,"381":2,"382":4,"383":1,"384":4,"385":2,"386":0,"387":2,"388":4,"389":0,"390":12,"391":6,"392":6,"393":0,"394":6,"395":16,"396":16,"397":0,"398":16,"399":6,"400":6,"401":2,"402":0,"403":0,"404":0,"405":0,"406":8,"407":4,"408":4,"409":4,"410":2,"411":2,"412":2,"413":0,"414":0,"415":2,"416":0,"417":0,"418":2,"419":2,"420":8,"421":0,"422":16,"423":4,"424":0,"425":4,"426":1,"427":1,"428":1,"429":1,"430":1,"431":3,"432":1,"433":0,"434":0,"435":0,"436":0,"437":0,"438":0,"439":0,"440":0,"441":0,"442":0,"443":0,"444":0,"445":0,"446":2,"447":2,"448":2,"449":2,"450":2,"451":2,"452":6,"453":2,"454":2,"455":0,"456":2,"457":0,"458":0,"459":0,"460":1,"461":1,"462":0,"463":0,"464":0,"465":0,"466":0,"467":0,"468":0,"469":0,"470":0,"471":0,"472":1,"473":0,"474":0,"475":0,"476":0,"477":0,"478":0,"479":0,"480":0,"481":0,"482":0,"483":0,"484":0,"485":0,"486":0,"487":0,"488":0,"489":0,"490":0,"491":0,"492":0,"493":0,"494":0,"495":0,"496":0,"497":0,"498":0,"499":0,"500":0,"501":0,"502":0,"503":0,"504":0,"505":0,"506":0,"507":0,"508":0,"509":0,"510":0,"511":0,"512":0,"513":0,"514":0,"515":1,"516":1,"517":1,"518":1,"519":1,"520":0,"521":1,"522":0,"523":0,"524":0,"525":0,"526":0,"527":0,"528":0,"529":0,"530":0,"531":0,"532":0,"533":0,"534":0,"535":0,"536":0,"537":0,"538":0,"539":0,"540":0,"541":0,"542":0,"543":0,"544":0,"545":0,"546":0,"547":0,"548":0,"549":0,"550":0,"551":0,"552":0,"553":0,"554":0,"555":0,"556":0,"557":0,"558":0,"559":0,"560":0,"561":0,"562":0,"563":0,"564":0,"565":0,"566":0,"567":0,"568":0,"569":0,"570":1,"571":1,"572":0,"573":0,"574":0,"575":0,"576":0,"577":0,"578":0,"579":0,"580":0,"581":0,"582":1,"583":0,"584":0,"585":0,"586":0,"587":0,"588":0,"589":0,"590":0,"591":0,"592":0,"593":0,"594":0,"595":0,"596":0,"597":0,"598":0,"599":0,"600":0,"601":0,"602":0,"603":0,"604":0,"605":0,"606":0,"607":0,"608":0,"609":0,"610":0,"611":0,"612":0,"613":0,"614":0,"615":0,"616":0,"617":0,"618":0,"619":0,"620":0,"621":0,"622":0,"623":0,"624":0,"625":1,"626":1,"627":1,"628":1,"629":1,"630":3,"631":1,"632":0,"633":0,"634":0,"635":0,"636":0,"637":0,"638":0,"639":0,"640":0,"641":0,"642":0,"643":0,"644":0,"645":0,"646":0,"647":0,"648":0,"649":0,"650":0,"651":1,"652":1,"653":1,"654":1,"655":1,"656":1,"657":1,"658":0,"659":1,"660":1,"661":1,"662":1,"663":1,"664":1,"665":3,"666":0,"667":1,"668":2,"669":2,"670":0,"671":0,"672":0,"673":0,"674":0,"675":1,"676":1,"677":1,"678":1,"679":1,"680":1,"681":1,"682":1,"683":1,"684":1,"685":1,"686":1,"687":1,"688":1,"689":1,"690":1,"691":3,"692":3,"693":15,"694":3},"f":{"0":2,"1":0,"2":1,"3":1,"4":1,"5":32,"6":0,"7":0,"8":0,"9":0,"10":0,"11":0,"12":1,"13":1,"14":2,"15":2,"16":1,"17":3,"18":1,"19":1,"20":1,"21":8,"22":9,"23":1,"24":1,"25":6,"26":2,"27":1,"28":2,"29":1,"30":1,"31":1,"32":0,"33":0,"34":0,"35":0,"36":0,"37":0,"38":0,"39":0,"40":0,"41":0,"42":0,"43":0,"44":2,"45":1,"46":2,"47":0,"48":0,"49":0,"50":0,"51":0,"52":0,"53":0,"54":0,"55":0,"56":0,"57":0,"58":0,"59":0,"60":0,"61":0,"62":0,"63":1,"64":1,"65":1,"66":1,"67":1,"68":0,"69":15,"70":15,"71":38,"72":0,"73":53,"74":38,"75":15,"76":38,"77":0,"78":45,"79":53,"80":53,"81":6,"82":1,"83":1,"84":2,"85":0,"86":0,"87":2,"88":2,"89":2,"90":2,"91":2,"92":16,"93":2,"94":2,"95":4,"96":0,"97":0,"98":0,"99":0,"100":0,"101":0,"102":0,"103":0,"104":0,"105":0,"106":0,"107":0,"108":0,"109":0,"110":0,"111":1,"112":1,"113":11,"114":49,"115":0,"116":0,"117":0,"118":0,"119":1,"120":1,"121":7,"122":1,"123":1,"124":2,"125":6,"126":6,"127":44,"128":2,"129":0,"130":0,"131":9,"132":2,"133":1,"134":4,"135":4,"136":2,"137":0,"138":6,"139":2,"140":4,"141":2,"142":0,"143":12,"144":6,"145":6,"146":1,"147":1,"148":3,"149":0,"150":0,"151":0,"152":0,"153":0,"154":0,"155":2,"156":2,"157":2,"158":2,"159":2,"160":6,"161":0,"162":0,"163":0,"164":1,"165":0,"166":0,"167":0,"168":0,"169":0,"170":0,"171":0,"172":0,"173":0,"174":0,"175":0,"176":0,"177":1,"178":1,"179":0,"180":0,"181":0,"182":0,"183":0,"184":0,"185":0,"186":0,"187":0,"188":0,"189":0,"190":0,"191":0,"192":0,"193":0,"194":0,"195":0,"196":0,"197":1,"198":0,"199":0,"200":0,"201":0,"202":0,"203":0,"204":0,"205":0,"206":0,"207":0,"208":0,"209":0,"210":1,"211":1,"212":3,"213":0,"214":0,"215":0,"216":0,"217":0,"218":0,"219":0,"220":0,"221":0,"222":0,"223":0,"224":0,"225":0,"226":0,"227":1,"228":1,"229":1,"230":0,"231":1,"232":1,"233":1,"234":3,"235":0,"236":1,"237":2,"238":1,"239":1,"240":1,"241":1,"242":1,"243":1,"244":1,"245":1,"246":3},"b":{"0":[1,0],"1":[1,1],"2":[0,0],"3":[0,0,0,0],"4":[1,0],"5":[1,1],"6":[0,1],"7":[0,1],"8":[0,0],"9":[0,0],"10":[0,0],"11":[0,0],"12":[2,30],"13":[0,0],"14":[0,0],"15":[0,0],"16":[1,1,1],"17":[2,0],"18":[2,2],"19":[0,0],"20":[0,0],"21":[1,1,1],"22":[2,0],"23":[2,2],"24":[1,1,1],"25":[0,1],"26":[1,1],"27":[1,0],"28":[4,4],"29":[1,1,1],"30":[0,1],"31":[1,1],"32":[1,0],"33":[86,86],"34":[1,1,1],"35":[2,0],"36":[2,2],"37":[0,0],"38":[0,0],"39":[1,1,1],"40":[0,0],"41":[0,0],"42":[0,0],"43":[1,1,1],"44":[0,0],"45":[0,0],"46":[0,0],"47":[0,0],"48":[0,0,0],"49":[0,0],"50":[0,0],"51":[0,0,0,0,0,0],"52":[0,0],"53":[0,0],"54":[0,0,0],"55":[0,0],"56":[0,0],"57":[0,0,0,0],"58":[0,0],"59":[0,0],"60":[0,0],"61":[0,0],"62":[0,0],"63":[0,0],"64":[0,0],"65":[1,1,1],"66":[0,2],"67":[2,2],"68":[0,0],"69":[0,0],"70":[0,0],"71":[0,0],"72":[1,1,1,0],"73":[0,0],"74":[1,1,1],"75":[15,15],"76":[15,38],"77":[15,15],"78":[1,1,1],"79":[0,38],"80":[15,15],"81":[0,53],"82":[0,141],"83":[141,0,0],"84":[0,0],"85":[0,0],"86":[53,53,38,0,0,50],"87":[141,0],"88":[15,35],"89":[50,48,48],"90":[50,2],"91":[33,2],"92":[35,35,2,2],"93":[0,2],"94":[2,0],"95":[0,2],"96":[2,2],"97":[2,0],"98":[0,15],"99":[15,0],"100":[1,1,1],"101":[1,5],"102":[6,6],"103":[1,1,1],"104":[1,0],"105":[1,1],"106":[0,0],"107":[0,0],"108":[2,0],"109":[0,0],"110":[0,0],"111":[2,2,2,2,2,2,2,2,0,2],"112":[0,2],"113":[2,2],"114":[1,1,0,0,0,0,0,1,5,4,4,1],"115":[0,1],"116":[0,0],"117":[0,0],"118":[4,1],"119":[0,0,0,0,0],"120":[0,0],"121":[1,1,3,2,2,1],"122":[2,1],"123":[1,1],"124":[4,2],"125":[6,6,2,4,9,5,5,4,4,9,5,5,4,0,0],"126":[6,0],"127":[2,4],"128":[5,4],"129":[5,4],"130":[1,1,1],"131":[4,4],"132":[4,2],"133":[4,4],"134":[1,1,1],"135":[0,2],"136":[4,4],"137":[0,6],"138":[0,16],"139":[16,0,0],"140":[0,0],"141":[0,0],"142":[6,6,2,0,0,8],"143":[16,0],"144":[4,4],"145":[8,6,6],"146":[8,2],"147":[2,2],"148":[4,4,2,2],"149":[0,2],"150":[2,0],"151":[0,2],"152":[2,2],"153":[2,0],"154":[0,4],"155":[4,0],"156":[1,1,1],"157":[1,0],"158":[1,1],"159":[0,0],"160":[0,0,0,0,0,0],"161":[0,0],"162":[2,0],"163":[2,2,0,2],"164":[1,1,1],"165":[0,0],"166":[0,0],"167":[0,0],"168":[1,1,1],"169":[0,0],"170":[0,0],"171":[0,0],"172":[0,0],"173":[0,0,0],"174":[0,0],"175":[0,0],"176":[0,0,0,0,0,0],"177":[0,0],"178":[0,0],"179":[0,0,0],"180":[0,0],"181":[0,0],"182":[0,0,0,0],"183":[0,0],"184":[0,0],"185":[0,0],"186":[0,0],"187":[0,0],"188":[0,0],"189":[0,0],"190":[1,1,1],"191":[1,0],"192":[1,1],"193":[0,0,0,0,0,0,0,0,0,0],"194":[0,0,0,0,0],"195":[0,0,0,0,0,0,0],"196":[0,0,0,0,0],"197":[1,1,1],"198":[0,0],"199":[0,0],"200":[0,0],"201":[1,1,1],"202":[0,0],"203":[0,0],"204":[0,0],"205":[0,0],"206":[0,0,0],"207":[0,0],"208":[0,0],"209":[0,0,0,0,0,0],"210":[0,0],"211":[0,0],"212":[0,0,0],"213":[0,0],"214":[0,0],"215":[0,0,0,0],"216":[0,0],"217":[0,0],"218":[0,0],"219":[0,0],"220":[0,0],"221":[0,0],"222":[0,0],"223":[1,1,1],"224":[1,0],"225":[1,1],"226":[0,0,0,0,0,0],"227":[1,1,1],"228":[0,1],"229":[1,1],"230":[3,3,3],"231":[1,1,1],"232":[2,0],"233":[2,2],"234":[0,0],"235":[0,0],"236":[1,1,1],"237":[0,1],"238":[1,1]},"_coverageSchema":"332fd63041d2c1bcb487cc26dd0d5f7d97098a6c","hash":"4e28bdcf5e02a7e938ebb1fde23f9d3fcd2220da","contentHash":"f20fee0594126717e855d62cf9b3b8c8_11.6.0"}}